"../../../Engine/Content/EditorResources/S_Actor.ubulk" 0
"../../../Engine/Content/EditorResources/S_Actor.uasset" 1
"../../../Engine/Content/EditorResources/S_Actor.uexp" 2
"../../../Engine/Content/EditorResources/S_BoxReflectionCapture.uasset" 3
"../../../Engine/Content/EditorResources/S_BoxReflectionCapture.uexp" 4
"../../../Engine/Content/EngineResources/DefaultTexture.ubulk" 5
"../../../Engine/Content/EngineResources/DefaultTexture.uasset" 6
"../../../Engine/Content/EngineResources/DefaultTexture.uexp" 7
"../../../Engine/Content/EngineResources/DefaultTextureCube.uasset" 8
"../../../Engine/Content/EngineResources/DefaultTextureCube.uexp" 9
"../../../Engine/Content/EngineResources/DefaultVolumeTexture2D.uasset" 10
"../../../Engine/Content/EngineResources/DefaultVolumeTexture2D.uexp" 11
"../../../Engine/Content/EngineResources/DefaultVolumeTexture.uasset" 12
"../../../Engine/Content/EngineResources/DefaultVolumeTexture.uexp" 13
"../../../Engine/Content/EditorResources/S_Trigger.ubulk" 14
"../../../Engine/Content/EditorResources/S_Trigger.uasset" 15
"../../../Engine/Content/EditorResources/S_Trigger.uexp" 16
"../../../Engine/Content/EditorResources/S_TriggerBox.uasset" 17
"../../../Engine/Content/EditorResources/S_TriggerBox.uexp" 18
"../../../Engine/Content/EditorResources/S_TriggerCapsule.uasset" 19
"../../../Engine/Content/EditorResources/S_TriggerCapsule.uexp" 20
"../../../Engine/Content/EditorResources/S_TriggerSphere.uasset" 21
"../../../Engine/Content/EditorResources/S_TriggerSphere.uexp" 22
"../../../Engine/Content/EngineMeshes/Sphere.ubulk" 23
"../../../Engine/Content/EngineMeshes/Sphere.uasset" 24
"../../../Engine/Content/EngineMeshes/Sphere.uexp" 25
"../../../Engine/Content/EngineResources/GradientTexture0.uasset" 26
"../../../Engine/Content/EngineResources/GradientTexture0.uexp" 27
"../../../Engine/Content/EngineResources/Black.uasset" 28
"../../../Engine/Content/EngineResources/Black.uexp" 29
"../../../Engine/Content/VREditor/LaserPointer/VR_LaserPower_01.ubulk" 30
"../../../Engine/Content/VREditor/LaserPointer/VR_LaserPower_01.uasset" 31
"../../../Engine/Content/VREditor/LaserPointer/VR_LaserPower_01.uexp" 32
"../../../Engine/Content/VREditor/TransformGizmo/TransformGizmoMaterial.uasset" 33
"../../../Engine/Content/VREditor/TransformGizmo/TransformGizmoMaterial.uexp" 34
"../../../Engine/Content/VREditor/TransformGizmo/TranslucentTransformGizmoMaterial.uasset" 35
"../../../Engine/Content/VREditor/TransformGizmo/TranslucentTransformGizmoMaterial.uexp" 36
"../../../Engine/Content/VREditor/TransformGizmo/PlaneTranslationHandle.ubulk" 37
"../../../Engine/Content/VREditor/TransformGizmo/PlaneTranslationHandle.uasset" 38
"../../../Engine/Content/VREditor/TransformGizmo/PlaneTranslationHandle.uexp" 39
"../../../Engine/Content/VREditor/TransformGizmo/BoundingBoxCorner.ubulk" 40
"../../../Engine/Content/VREditor/TransformGizmo/BoundingBoxCorner.uasset" 41
"../../../Engine/Content/VREditor/TransformGizmo/BoundingBoxCorner.uexp" 42
"../../../Engine/Content/VREditor/TransformGizmo/BoundingBoxEdge.ubulk" 43
"../../../Engine/Content/VREditor/TransformGizmo/BoundingBoxEdge.uasset" 44
"../../../Engine/Content/VREditor/TransformGizmo/BoundingBoxEdge.uexp" 45
"../../../Engine/Content/VREditor/TransformGizmo/Main.uasset" 46
"../../../Engine/Content/VREditor/TransformGizmo/Main.uexp" 47
"../../../Engine/Content/VREditor/TransformGizmo/Xray.uasset" 48
"../../../Engine/Content/VREditor/TransformGizmo/Xray.uexp" 49
"../../../Engine/Content/VREditor/TransformGizmo/SM_Sequencer_Node.ubulk" 50
"../../../Engine/Content/VREditor/TransformGizmo/SM_Sequencer_Node.uasset" 51
"../../../Engine/Content/VREditor/TransformGizmo/SM_Sequencer_Node.uexp" 52
"../../../Engine/Content/EditorMaterials/Camera/CineMat.uasset" 53
"../../../Engine/Content/EditorMaterials/Camera/CineMat.uexp" 54
"../../../Engine/Content/EditorMaterials/Camera/MI_CineMat_Rig.uasset" 55
"../../../Engine/Content/EditorMaterials/Camera/MI_CineMat_Rig.uexp" 56
"../../../Engine/Content/EditorMeshes/Camera/SM_CraneRig_Base.ubulk" 57
"../../../Engine/Content/EditorMeshes/Camera/SM_CraneRig_Base.uasset" 58
"../../../Engine/Content/EditorMeshes/Camera/SM_CraneRig_Base.uexp" 59
"../../../Engine/Content/EditorMeshes/Camera/SM_CraneRig_Arm.ubulk" 60
"../../../Engine/Content/EditorMeshes/Camera/SM_CraneRig_Arm.uasset" 61
"../../../Engine/Content/EditorMeshes/Camera/SM_CraneRig_Arm.uexp" 62
"../../../Engine/Content/EditorMeshes/Camera/SM_CraneRig_Mount.ubulk" 63
"../../../Engine/Content/EditorMeshes/Camera/SM_CraneRig_Mount.uasset" 64
"../../../Engine/Content/EditorMeshes/Camera/SM_CraneRig_Mount.uexp" 65
"../../../Engine/Content/EditorMeshes/Camera/SM_CraneRig_Body.ubulk" 66
"../../../Engine/Content/EditorMeshes/Camera/SM_CraneRig_Body.uasset" 67
"../../../Engine/Content/EditorMeshes/Camera/SM_CraneRig_Body.uexp" 68
"../../../Engine/Content/EditorMeshes/Camera/SM_RailRig_Track.ubulk" 69
"../../../Engine/Content/EditorMeshes/Camera/SM_RailRig_Track.uasset" 70
"../../../Engine/Content/EditorMeshes/Camera/SM_RailRig_Track.uexp" 71
"../../../Engine/Content/EditorMeshes/Camera/SM_RailRig_Mount.ubulk" 72
"../../../Engine/Content/EditorMeshes/Camera/SM_RailRig_Mount.uasset" 73
"../../../Engine/Content/EditorMeshes/Camera/SM_RailRig_Mount.uexp" 74
"../../../Engine/Content/EngineMaterials/T_Default_Material_Grid_M.ubulk" 75
"../../../Engine/Content/EngineMaterials/T_Default_Material_Grid_M.uasset" 76
"../../../Engine/Content/EngineMaterials/T_Default_Material_Grid_M.uexp" 77
"../../../Engine/Content/EngineMaterials/T_Default_Material_Grid_N.ubulk" 78
"../../../Engine/Content/EngineMaterials/T_Default_Material_Grid_N.uasset" 79
"../../../Engine/Content/EngineMaterials/T_Default_Material_Grid_N.uexp" 80
"../../../Engine/Content/Functions/Engine_MaterialFunctions01/Opacity/CameraDepthFade.uasset" 81
"../../../Engine/Content/Functions/Engine_MaterialFunctions01/Opacity/CameraDepthFade.uexp" 82
"../../../Engine/Content/EngineMaterials/WorldGridMaterial.uasset" 83
"../../../Engine/Content/EngineMaterials/WorldGridMaterial.uexp" 84
"../../../Engine/Content/ArtTools/RenderToTexture/Meshes/S_1_Unit_Plane.ubulk" 85
"../../../Engine/Content/ArtTools/RenderToTexture/Meshes/S_1_Unit_Plane.uasset" 86
"../../../Engine/Content/ArtTools/RenderToTexture/Meshes/S_1_Unit_Plane.uexp" 87
"../../../Engine/Content/EditorMaterials/ParticleSystems/PSysThumbnail_NoImage.ubulk" 88
"../../../Engine/Content/EditorMaterials/ParticleSystems/PSysThumbnail_NoImage.uasset" 89
"../../../Engine/Content/EditorMaterials/ParticleSystems/PSysThumbnail_NoImage.uexp" 90
"../../../Engine/Content/EditorMaterials/ParticleSystems/PSysThumbnail_OOD.ubulk" 91
"../../../Engine/Content/EditorMaterials/ParticleSystems/PSysThumbnail_OOD.uasset" 92
"../../../Engine/Content/EditorMaterials/ParticleSystems/PSysThumbnail_OOD.uexp" 93
"../../../Engine/Content/EditorLandscapeResources/SplineEditorMeshMat.uasset" 94
"../../../Engine/Content/EditorLandscapeResources/SplineEditorMeshMat.uexp" 95
"../../../Engine/Content/EditorLandscapeResources/SplineEditorMesh.ubulk" 96
"../../../Engine/Content/EditorLandscapeResources/SplineEditorMesh.uasset" 97
"../../../Engine/Content/EditorLandscapeResources/SplineEditorMesh.uexp" 98
"../../../Engine/Content/EditorResources/S_Solver.ubulk" 99
"../../../Engine/Content/EditorResources/S_Solver.uasset" 100
"../../../Engine/Content/EditorResources/S_Solver.uexp" 101
"../../../Engine/Plugins/Experimental/Water/Content/Icons/WaterBodyExclusionVolumeSprite.uasset" 102
"../../../Engine/Plugins/Experimental/Water/Content/Icons/WaterBodyExclusionVolumeSprite.uexp" 103
"../../../Engine/Plugins/Experimental/Water/Content/Icons/WaterBodyIslandSprite.uasset" 104
"../../../Engine/Plugins/Experimental/Water/Content/Icons/WaterBodyIslandSprite.uexp" 105
"../../../Engine/Plugins/Experimental/Water/Content/Meshes/LakeMesh.ubulk" 106
"../../../Engine/Plugins/Experimental/Water/Content/Meshes/LakeMesh.uasset" 107
"../../../Engine/Plugins/Experimental/Water/Content/Meshes/LakeMesh.uexp" 108
"../../../Engine/Plugins/Experimental/Water/Content/Meshes/RiverMesh.ubulk" 109
"../../../Engine/Plugins/Experimental/Water/Content/Meshes/RiverMesh.uasset" 110
"../../../Engine/Plugins/Experimental/Water/Content/Meshes/RiverMesh.uexp" 111
"../../../Engine/Plugins/Experimental/Water/Content/Icons/WaterZoneActorSprite.ubulk" 112
"../../../Engine/Plugins/Experimental/Water/Content/Icons/WaterZoneActorSprite.uasset" 113
"../../../Engine/Plugins/Experimental/Water/Content/Icons/WaterZoneActorSprite.uexp" 114
"../../../Engine/Plugins/Media/MediaPlate/Content/SM_MediaPlateScreen.ubulk" 115
"../../../Engine/Plugins/Media/MediaPlate/Content/SM_MediaPlateScreen.uasset" 116
"../../../Engine/Plugins/Media/MediaPlate/Content/SM_MediaPlateScreen.uexp" 117
"../../../Engine/Content/EngineMaterials/Good64x64TilingNoiseHighFreq.uasset" 118
"../../../Engine/Content/EngineMaterials/Good64x64TilingNoiseHighFreq.uexp" 119
"../../../Engine/Content/EngineMaterials/DefaultBokeh.uasset" 120
"../../../Engine/Content/EngineMaterials/DefaultBokeh.uexp" 121
"../../../Engine/Content/EngineMaterials/PreintegratedSkinBRDF.uasset" 122
"../../../Engine/Content/EngineMaterials/PreintegratedSkinBRDF.uexp" 123
"../../../Engine/Content/EngineMaterials/MiniFont.uasset" 124
"../../../Engine/Content/EngineMaterials/MiniFont.uexp" 125
"../../../Engine/Content/EngineMaterials/WeightMapPlaceholderTexture.uasset" 126
"../../../Engine/Content/EngineMaterials/WeightMapPlaceholderTexture.uexp" 127
"../../../Engine/Content/EngineMaterials/DefaultWhiteGrid.ubulk" 128
"../../../Engine/Content/EngineMaterials/DefaultWhiteGrid.uasset" 129
"../../../Engine/Content/EngineMaterials/DefaultWhiteGrid.uexp" 130
"../../../Engine/Content/Animation/DefaultRecorderBoneCompression.uasset" 131
"../../../Engine/Content/Animation/DefaultRecorderBoneCompression.uexp" 132
"../../../Engine/Content/Animation/DefaultAnimCurveCompressionSettings.uasset" 133
"../../../Engine/Content/Animation/DefaultAnimCurveCompressionSettings.uexp" 134
"../../../Engine/Content/Animation/DefaultAnimBoneCompressionSettings.uasset" 135
"../../../Engine/Content/Animation/DefaultAnimBoneCompressionSettings.uexp" 136
"../../../Engine/Content/EngineMaterials/DefaultMaterial.uasset" 137
"../../../Engine/Content/EngineMaterials/DefaultMaterial.uexp" 138
"../../../Engine/Content/BasicShapes/Sphere.ubulk" 139
"../../../Engine/Content/BasicShapes/Sphere.uasset" 140
"../../../Engine/Content/BasicShapes/Sphere.uexp" 141
"../../../Engine/Content/BasicShapes/Cylinder.ubulk" 142
"../../../Engine/Content/BasicShapes/Cylinder.uasset" 143
"../../../Engine/Content/BasicShapes/Cylinder.uexp" 144
"../../../Engine/Content/BasicShapes/Cone.ubulk" 145
"../../../Engine/Content/BasicShapes/Cone.uasset" 146
"../../../Engine/Content/BasicShapes/Cone.uexp" 147
"../../../Engine/Content/EditorLandscapeResources/DefaultAlphaTexture.uasset" 148
"../../../Engine/Content/EditorLandscapeResources/DefaultAlphaTexture.uexp" 149
"../../../Engine/Content/EditorLandscapeResources/DataLayer.uasset" 150
"../../../Engine/Content/EditorLandscapeResources/DataLayer.uexp" 151
"../../../Engine/Content/EditorMaterials/PreviewShadowIndicator.ubulk" 152
"../../../Engine/Content/EditorMaterials/PreviewShadowIndicator.uasset" 153
"../../../Engine/Content/EditorMaterials/PreviewShadowIndicator.uexp" 154
"../../../Engine/Content/EditorMaterials/PreviewShadowIndicatorMaterial.uasset" 155
"../../../Engine/Content/EditorMaterials/PreviewShadowIndicatorMaterial.uexp" 156
"../../../Engine/Content/EditorMaterials/PhAT_UnselectedMaterial.uasset" 157
"../../../Engine/Content/EditorMaterials/PhAT_UnselectedMaterial.uexp" 158
"../../../Engine/Content/EditorMaterials/PhAT_NoCollisionMaterial.uasset" 159
"../../../Engine/Content/EditorMaterials/PhAT_NoCollisionMaterial.uexp" 160
"../../../Engine/Content/Functions/Engine_MaterialFunctions02/Utility/MakeFloat4.uasset" 161
"../../../Engine/Content/Functions/Engine_MaterialFunctions02/Utility/MakeFloat4.uexp" 162
"../../../Engine/Content/Functions/Engine_MaterialFunctions02/Utility/MakeFloat3.uasset" 163
"../../../Engine/Content/Functions/Engine_MaterialFunctions02/Utility/MakeFloat3.uexp" 164
"../../../Engine/Content/Functions/Engine_MaterialFunctions02/Utility/BreakOutFloat3Components.uasset" 165
"../../../Engine/Content/Functions/Engine_MaterialFunctions02/Utility/BreakOutFloat3Components.uexp" 166
"../../../Engine/Content/EditorMaterials/WorldPartition/WorldPartitionSpatialHashGridPreviewMaterial.uasset" 167
"../../../Engine/Content/EditorMaterials/WorldPartition/WorldPartitionSpatialHashGridPreviewMaterial.uexp" 168
"../../../Engine/Content/EditorResources/S_Terrain.ubulk" 169
"../../../Engine/Content/EditorResources/S_Terrain.uasset" 170
"../../../Engine/Content/EditorResources/S_Terrain.uexp" 171
"../../../Engine/Content/EditorResources/EmptyActor.uasset" 172
"../../../Engine/Content/EditorResources/EmptyActor.uexp" 173
"../../../Engine/Content/EditorResources/BSPVertex.uasset" 174
"../../../Engine/Content/EditorResources/BSPVertex.uexp" 175
"../../../Engine/Content/EditorResources/SequenceRecorder/RecordingIndicator.uasset" 176
"../../../Engine/Content/EditorResources/SequenceRecorder/RecordingIndicator.uexp" 177
"../../../Engine/Content/EditorResources/SequenceRecorder/Countdown.uasset" 178
"../../../Engine/Content/EditorResources/SequenceRecorder/Countdown.uexp" 179
"../../../Engine/Content/EngineDamageTypes/DmgTypeBP_Environmental.uasset" 180
"../../../Engine/Content/EngineDamageTypes/DmgTypeBP_Environmental.uexp" 181
"../../../Engine/Content/Functions/Engine_MaterialFunctions02/Utility/CameraDirectionVector.uasset" 182
"../../../Engine/Content/Functions/Engine_MaterialFunctions02/Utility/CameraDirectionVector.uexp" 183
"../../../Engine/Content/EngineDebugMaterials/VolumeToRender.uasset" 184
"../../../Engine/Content/EngineDebugMaterials/VolumeToRender.uexp" 185
"../../../Engine/Content/EngineDebugMaterials/M_VolumeRenderSphereTracePP.uasset" 186
"../../../Engine/Content/EngineDebugMaterials/M_VolumeRenderSphereTracePP.uexp" 187
"../../../Engine/Content/EngineDebugMaterials/M_SimpleUnlitTranslucent.uasset" 188
"../../../Engine/Content/EngineDebugMaterials/M_SimpleUnlitTranslucent.uexp" 189
"../../../Engine/Content/EngineDebugMaterials/DebugMeshMaterial.uasset" 190
"../../../Engine/Content/EngineDebugMaterials/DebugMeshMaterial.uexp" 191
"../../../Engine/Content/EngineDebugMaterials/DebugEditorMaterial.uasset" 192
"../../../Engine/Content/EngineDebugMaterials/DebugEditorMaterial.uexp" 193
"../../../Engine/Content/EngineFonts/Faces/RobotoLight.uexp" 194
"../../../Engine/Content/EngineFonts/Faces/RobotoLight.uasset" 195
"../../../Engine/Content/EngineFonts/Faces/RobotoLight.ufont" 196
"../../../Engine/Content/EngineFonts/Faces/RobotoBold.uexp" 197
"../../../Engine/Content/EngineFonts/Faces/RobotoBold.uasset" 198
"../../../Engine/Content/EngineFonts/Faces/RobotoBold.ufont" 199
"../../../Engine/Content/EngineFonts/Faces/RobotoRegular.uexp" 200
"../../../Engine/Content/EngineFonts/Faces/RobotoRegular.uasset" 201
"../../../Engine/Content/EngineFonts/Faces/RobotoRegular.ufont" 202
"../../../Engine/Content/EngineFonts/Faces/DroidSansFallback.uexp" 203
"../../../Engine/Content/EngineFonts/Faces/DroidSansFallback.uasset" 204
"../../../Engine/Content/EngineFonts/Faces/DroidSansFallback.ufont" 205
"../../../Engine/Content/EngineFonts/Faces/RobotoItalic.uexp" 206
"../../../Engine/Content/EngineFonts/Faces/RobotoItalic.uasset" 207
"../../../Engine/Content/EngineFonts/Faces/RobotoItalic.ufont" 208
"../../../Engine/Content/EngineFonts/Faces/RobotoBoldItalic.uexp" 209
"../../../Engine/Content/EngineFonts/Faces/RobotoBoldItalic.uasset" 210
"../../../Engine/Content/EngineFonts/Faces/RobotoBoldItalic.ufont" 211
"../../../Engine/Content/EngineFonts/Roboto.uasset" 212
"../../../Engine/Content/EngineFonts/Roboto.uexp" 213
"../../../Engine/Content/EngineResources/WhiteSquareTexture.uasset" 214
"../../../Engine/Content/EngineResources/WhiteSquareTexture.uexp" 215
"../../../Engine/Content/EngineMaterials/Widget3DPassThrough.uasset" 216
"../../../Engine/Content/EngineMaterials/Widget3DPassThrough.uexp" 217
"../../../Engine/Content/EngineMaterials/Widget3DPassThrough_Translucent.uasset" 218
"../../../Engine/Content/EngineMaterials/Widget3DPassThrough_Translucent.uexp" 219
"../../../Engine/Content/EngineMaterials/Widget3DPassThrough_Translucent_OneSided.uasset" 220
"../../../Engine/Content/EngineMaterials/Widget3DPassThrough_Translucent_OneSided.uexp" 221
"../../../Engine/Content/EngineMaterials/Widget3DPassThrough_Opaque.uasset" 222
"../../../Engine/Content/EngineMaterials/Widget3DPassThrough_Opaque.uexp" 223
"../../../Engine/Content/EngineMaterials/Widget3DPassThrough_Opaque_OneSided.uasset" 224
"../../../Engine/Content/EngineMaterials/Widget3DPassThrough_Opaque_OneSided.uexp" 225
"../../../Engine/Content/EngineMaterials/Widget3DPassThrough_Masked_OneSided.uasset" 226
"../../../Engine/Content/EngineMaterials/Widget3DPassThrough_Masked_OneSided.uexp" 227
"../../../Engine/Content/EngineMaterials/Widget3DPassThrough_Masked.uasset" 228
"../../../Engine/Content/EngineMaterials/Widget3DPassThrough_Masked.uexp" 229
"../../../Engine/Content/EngineMaterials/STBlueNoise_vec2_128x128x64.uasset" 230
"../../../Engine/Content/EngineMaterials/STBlueNoise_vec2_128x128x64.uexp" 231
"../../../Engine/Content/EngineMaterials/STBlueNoise_scalar_128x128x64.uasset" 232
"../../../Engine/Content/EngineMaterials/STBlueNoise_scalar_128x128x64.uexp" 233
"../../../Engine/Content/EngineMaterials/RemoveSurfaceMaterial.uasset" 234
"../../../Engine/Content/EngineMaterials/RemoveSurfaceMaterial.uexp" 235
"../../../Engine/Content/EngineMaterials/DefaultCalibrationGrayscale.uasset" 236
"../../../Engine/Content/EngineMaterials/DefaultCalibrationGrayscale.uexp" 237
"../../../Engine/Content/EngineMaterials/PPM_DefaultCalibrationGrayscale.uasset" 238
"../../../Engine/Content/EngineMaterials/PPM_DefaultCalibrationGrayscale.uexp" 239
"../../../Engine/Content/EngineMaterials/DefaultCalibrationColor.uasset" 240
"../../../Engine/Content/EngineMaterials/DefaultCalibrationColor.uexp" 241
"../../../Engine/Content/EngineMaterials/PPM_DefaultCalibrationColor.uasset" 242
"../../../Engine/Content/EngineMaterials/PPM_DefaultCalibrationColor.uexp" 243
"../../../Engine/Content/Functions/Engine_MaterialFunctions02/WorldPositionOffset/CameraOffset.uasset" 244
"../../../Engine/Content/Functions/Engine_MaterialFunctions02/WorldPositionOffset/CameraOffset.uexp" 245
"../../../Engine/Content/EngineMaterials/PhAT_JointLimitMaterial.uasset" 246
"../../../Engine/Content/EngineMaterials/PhAT_JointLimitMaterial.uexp" 247
"../../../Engine/Content/EngineMaterials/InvalidLightmapSettings.ubulk" 248
"../../../Engine/Content/EngineMaterials/InvalidLightmapSettings.uasset" 249
"../../../Engine/Content/EngineMaterials/InvalidLightmapSettings.uexp" 250
"../../../Engine/Content/EngineMaterials/M_InvalidLightmapSettings.uasset" 251
"../../../Engine/Content/EngineMaterials/M_InvalidLightmapSettings.uexp" 252
"../../../Engine/Content/EngineMaterials/GizmoMaterial.uasset" 253
"../../../Engine/Content/EngineMaterials/GizmoMaterial.uexp" 254
"../../../Engine/Content/EngineMaterials/BaseFlattenEmissiveMap_VT.uasset" 255
"../../../Engine/Content/EngineMaterials/BaseFlattenEmissiveMap_VT.uexp" 256
"../../../Engine/Content/EngineMaterials/BaseFlattenGrayscaleMap_VT.uasset" 257
"../../../Engine/Content/EngineMaterials/BaseFlattenGrayscaleMap_VT.uexp" 258
"../../../Engine/Content/EngineMaterials/BaseFlattenLinearColor_VT.uasset" 259
"../../../Engine/Content/EngineMaterials/BaseFlattenLinearColor_VT.uexp" 260
"../../../Engine/Content/EngineMaterials/Black_1x1_EXR_Texture_VT.uasset" 261
"../../../Engine/Content/EngineMaterials/Black_1x1_EXR_Texture_VT.uexp" 262
"../../../Engine/Content/EngineMaterials/BaseFlattenDiffuseMap_VT.uasset" 263
"../../../Engine/Content/EngineMaterials/BaseFlattenDiffuseMap_VT.uexp" 264
"../../../Engine/Content/EngineMaterials/BaseFlattenNormalMap_VT.uasset" 265
"../../../Engine/Content/EngineMaterials/BaseFlattenNormalMap_VT.uexp" 266
"../../../Engine/Content/EngineMaterials/FlattenMaterial_WS_Normal_VT.uasset" 267
"../../../Engine/Content/EngineMaterials/FlattenMaterial_WS_Normal_VT.uexp" 268
"../../../Engine/Content/EngineMaterials/FlattenMaterial_VT.uasset" 269
"../../../Engine/Content/EngineMaterials/FlattenMaterial_VT.uexp" 270
"../../../Engine/Content/EngineMaterials/BaseFlattenNormalMap.uasset" 271
"../../../Engine/Content/EngineMaterials/BaseFlattenNormalMap.uexp" 272
"../../../Engine/Content/EngineMaterials/BaseFlattenGrayscaleMap.uasset" 273
"../../../Engine/Content/EngineMaterials/BaseFlattenGrayscaleMap.uexp" 274
"../../../Engine/Content/EngineMaterials/BaseFlattenDiffuseMap.uasset" 275
"../../../Engine/Content/EngineMaterials/BaseFlattenDiffuseMap.uexp" 276
"../../../Engine/Content/Functions/Engine_MaterialFunctions02/PivotPainter2/Black_1x1_EXR_Texture.uasset" 277
"../../../Engine/Content/Functions/Engine_MaterialFunctions02/PivotPainter2/Black_1x1_EXR_Texture.uexp" 278
"../../../Engine/Content/EngineMaterials/BaseFlattenEmissiveMap.uasset" 279
"../../../Engine/Content/EngineMaterials/BaseFlattenEmissiveMap.uexp" 280
"../../../Engine/Content/EngineMaterials/BaseFlattenLinearColor.uasset" 281
"../../../Engine/Content/EngineMaterials/BaseFlattenLinearColor.uexp" 282
"../../../Engine/Content/EngineMaterials/FlattenMaterial.uasset" 283
"../../../Engine/Content/EngineMaterials/FlattenMaterial.uexp" 284
"../../../Engine/Content/EngineMaterials/DefaultWhiteGrid_Low.uasset" 285
"../../../Engine/Content/EngineMaterials/DefaultWhiteGrid_Low.uexp" 286
"../../../Engine/Content/EngineMaterials/EmissiveMeshMaterial.uasset" 287
"../../../Engine/Content/EngineMaterials/EmissiveMeshMaterial.uexp" 288
"../../../Engine/Content/EngineFonts/RobotoDistanceField.uasset" 289
"../../../Engine/Content/EngineFonts/RobotoDistanceField.uexp" 290
"../../../Engine/Content/EngineMaterials/DefaultTextMaterialOpaque.uasset" 291
"../../../Engine/Content/EngineMaterials/DefaultTextMaterialOpaque.uexp" 292
"../../../Engine/Content/EngineMaterials/DefaultDiffuse.ubulk" 293
"../../../Engine/Content/EngineMaterials/DefaultDiffuse.uasset" 294
"../../../Engine/Content/EngineMaterials/DefaultDiffuse.uexp" 295
"../../../Engine/Content/Functions/Engine_MaterialFunctions02/Utility/BreakOutFloat2Components.uasset" 296
"../../../Engine/Content/Functions/Engine_MaterialFunctions02/Utility/BreakOutFloat2Components.uexp" 297
"../../../Engine/Content/EngineMaterials/DefaultPostProcessMaterial.uasset" 298
"../../../Engine/Content/EngineMaterials/DefaultPostProcessMaterial.uexp" 299
"../../../Engine/Content/EngineMaterials/DefaultPhysicalMaterial.uasset" 300
"../../../Engine/Content/EngineMaterials/DefaultPhysicalMaterial.uexp" 301
"../../../Engine/Content/EngineMaterials/DefaultLightFunctionMaterial.uasset" 302
"../../../Engine/Content/EngineMaterials/DefaultLightFunctionMaterial.uexp" 303
"../../../Engine/Content/EngineMaterials/DefaultDestructiblePhysicalMaterial.uasset" 304
"../../../Engine/Content/EngineMaterials/DefaultDestructiblePhysicalMaterial.uexp" 305
"../../../Engine/Content/EngineMaterials/DefaultDeferredDecalMaterial.uasset" 306
"../../../Engine/Content/EngineMaterials/DefaultDeferredDecalMaterial.uexp" 307
"../../../Engine/Content/EngineMaterials/DefaultBloomKernel.uasset" 308
"../../../Engine/Content/EngineMaterials/DefaultBloomKernel.uexp" 309
"../../../Engine/Content/EngineResources/FilmGrains/Marcie_Grain_v3_128_M2_000.uasset" 310
"../../../Engine/Content/EngineResources/FilmGrains/Marcie_Grain_v3_128_M2_000.uexp" 311
"../../../Engine/Content/EngineSky/VolumetricClouds/CloudWeatherTexture.uasset" 312
"../../../Engine/Content/EngineSky/VolumetricClouds/CloudWeatherTexture.uexp" 313
"../../../Engine/Content/Functions/Engine_MaterialFunctions02/Utility/MakeFloat2.uasset" 314
"../../../Engine/Content/Functions/Engine_MaterialFunctions02/Utility/MakeFloat2.uexp" 315
"../../../Engine/Content/EngineSky/VolumetricClouds/CloudGradientTexture.uasset" 316
"../../../Engine/Content/EngineSky/VolumetricClouds/CloudGradientTexture.uexp" 317
"../../../Engine/Content/EngineSky/VolumetricClouds/T_NoiseShape64.ubulk" 318
"../../../Engine/Content/EngineSky/VolumetricClouds/T_NoiseShape64.uasset" 319
"../../../Engine/Content/EngineSky/VolumetricClouds/T_NoiseShape64.uexp" 320
"../../../Engine/Content/EngineSky/VolumetricClouds/T_VolumeNoiseShape64.uasset" 321
"../../../Engine/Content/EngineSky/VolumetricClouds/T_VolumeNoiseShape64.uexp" 322
"../../../Engine/Content/EngineSky/VolumetricClouds/T_NoiseErosion.ubulk" 323
"../../../Engine/Content/EngineSky/VolumetricClouds/T_NoiseErosion.uasset" 324
"../../../Engine/Content/EngineSky/VolumetricClouds/T_NoiseErosion.uexp" 325
"../../../Engine/Content/EngineSky/VolumetricClouds/T_VolumeNoiseErosion32.uasset" 326
"../../../Engine/Content/EngineSky/VolumetricClouds/T_VolumeNoiseErosion32.uexp" 327
"../../../Engine/Content/EngineSky/VolumetricClouds/m_SimpleVolumetricCloud.uasset" 328
"../../../Engine/Content/EngineSky/VolumetricClouds/m_SimpleVolumetricCloud.uexp" 329
"../../../Engine/Content/EngineSky/VolumetricClouds/m_SimpleVolumetricCloud_Inst.uasset" 330
"../../../Engine/Content/EngineSky/VolumetricClouds/m_SimpleVolumetricCloud_Inst.uexp" 331
"../../../Engine/Content/EngineSounds/Master.uasset" 332
"../../../Engine/Content/EngineSounds/Master.uexp" 333
"../../../Engine/Content/Functions/Engine_MaterialFunctions01/Shading/PowerToRoughness.uasset" 334
"../../../Engine/Content/Functions/Engine_MaterialFunctions01/Shading/PowerToRoughness.uexp" 335
"../../../Engine/Content/MobileResources/HUD/VirtualJoystick_Background.uasset" 336
"../../../Engine/Content/MobileResources/HUD/VirtualJoystick_Background.uexp" 337
"../../../Engine/Content/MobileResources/HUD/VirtualJoystick_Thumb.uasset" 338
"../../../Engine/Content/MobileResources/HUD/VirtualJoystick_Thumb.uexp" 339
"../../../Engine/Content/MobileResources/HUD/DefaultVirtualJoysticks.uasset" 340
"../../../Engine/Content/MobileResources/HUD/DefaultVirtualJoysticks.uexp" 341
"../../../Engine/Plugins/2D/Paper2D/Content/PlaceholderTextures/DummySpriteTexture.ubulk" 342
"../../../Engine/Plugins/2D/Paper2D/Content/PlaceholderTextures/DummySpriteTexture.uasset" 343
"../../../Engine/Plugins/2D/Paper2D/Content/PlaceholderTextures/DummySpriteTexture.uexp" 344
"../../../Engine/Plugins/2D/Paper2D/Content/DefaultSpriteMaterial.uasset" 345
"../../../Engine/Plugins/2D/Paper2D/Content/DefaultSpriteMaterial.uexp" 346
"../../../Engine/Plugins/2D/Paper2D/Content/OpaqueUnlitSpriteMaterial.uasset" 347
"../../../Engine/Plugins/2D/Paper2D/Content/OpaqueUnlitSpriteMaterial.uexp" 348
"../../../Engine/Plugins/2D/Paper2D/Content/MaskedUnlitSpriteMaterial.uasset" 349
"../../../Engine/Plugins/2D/Paper2D/Content/MaskedUnlitSpriteMaterial.uexp" 350
"../../../Engine/Plugins/2D/Paper2D/Content/DummySprite.uasset" 351
"../../../Engine/Plugins/2D/Paper2D/Content/DummySprite.uexp" 352
"../../../Engine/Plugins/2D/Paper2D/Content/DefaultPaperTerrainMaterial.uasset" 353
"../../../Engine/Plugins/2D/Paper2D/Content/DefaultPaperTerrainMaterial.uexp" 354
"../../../Engine/Plugins/Animation/ControlRig/Content/M_Manip.uasset" 355
"../../../Engine/Plugins/Animation/ControlRig/Content/M_Manip.uexp" 356
"../../../Engine/Plugins/Animation/ControlRig/Content/Controls/DefaultGizmoLibraryNormalized.uasset" 357
"../../../Engine/Plugins/Animation/ControlRig/Content/Controls/DefaultGizmoLibraryNormalized.uexp" 358
"../../../Engine/Plugins/Animation/ControlRig/Content/Controls/ControlRig_Wedge_solid.ubulk" 359
"../../../Engine/Plugins/Animation/ControlRig/Content/Controls/ControlRig_Wedge_solid.uasset" 360
"../../../Engine/Plugins/Animation/ControlRig/Content/Controls/ControlRig_Wedge_solid.uexp" 361
"../../../Engine/Plugins/Animation/ControlRig/Content/Controls/ControlRig_Wedge_3mm.ubulk" 362
"../../../Engine/Plugins/Animation/ControlRig/Content/Controls/ControlRig_Wedge_3mm.uasset" 363
"../../../Engine/Plugins/Animation/ControlRig/Content/Controls/ControlRig_Wedge_3mm.uexp" 364
"../../../Engine/Plugins/Animation/ControlRig/Content/Controls/ControlRig_Wedge_1mm.ubulk" 365
"../../../Engine/Plugins/Animation/ControlRig/Content/Controls/ControlRig_Wedge_1mm.uasset" 366
"../../../Engine/Plugins/Animation/ControlRig/Content/Controls/ControlRig_Wedge_1mm.uexp" 367
"../../../Engine/Plugins/Animation/ControlRig/Content/Controls/ControlRig_Triangle_solid.ubulk" 368
"../../../Engine/Plugins/Animation/ControlRig/Content/Controls/ControlRig_Triangle_solid.uasset" 369
"../../../Engine/Plugins/Animation/ControlRig/Content/Controls/ControlRig_Triangle_solid.uexp" 370
"../../../Engine/Plugins/Animation/ControlRig/Content/Controls/ControlRig_Triangle_3mm.ubulk" 371
"../../../Engine/Plugins/Animation/ControlRig/Content/Controls/ControlRig_Triangle_3mm.uasset" 372
"../../../Engine/Plugins/Animation/ControlRig/Content/Controls/ControlRig_Triangle_3mm.uexp" 373
"../../../Engine/Plugins/Animation/ControlRig/Content/Controls/ControlRig_Triangle_1mm.ubulk" 374
"../../../Engine/Plugins/Animation/ControlRig/Content/Controls/ControlRig_Triangle_1mm.uasset" 375
"../../../Engine/Plugins/Animation/ControlRig/Content/Controls/ControlRig_Triangle_1mm.uexp" 376
"../../../Engine/Plugins/Animation/ControlRig/Content/Controls/ControlRig_Star4_solid.ubulk" 377
"../../../Engine/Plugins/Animation/ControlRig/Content/Controls/ControlRig_Star4_solid.uasset" 378
"../../../Engine/Plugins/Animation/ControlRig/Content/Controls/ControlRig_Star4_solid.uexp" 379
"../../../Engine/Plugins/Animation/ControlRig/Content/Controls/ControlRig_Star4_3mm.ubulk" 380
"../../../Engine/Plugins/Animation/ControlRig/Content/Controls/ControlRig_Star4_3mm.uasset" 381
"../../../Engine/Plugins/Animation/ControlRig/Content/Controls/ControlRig_Star4_3mm.uexp" 382
"../../../Engine/Plugins/Animation/ControlRig/Content/Controls/ControlRig_Star4_1mm.ubulk" 383
"../../../Engine/Plugins/Animation/ControlRig/Content/Controls/ControlRig_Star4_1mm.uasset" 384
"../../../Engine/Plugins/Animation/ControlRig/Content/Controls/ControlRig_Star4_1mm.uexp" 385
"../../../Engine/Plugins/Animation/ControlRig/Content/Controls/ControlRig_Square_solid.ubulk" 386
"../../../Engine/Plugins/Animation/ControlRig/Content/Controls/ControlRig_Square_solid.uasset" 387
"../../../Engine/Plugins/Animation/ControlRig/Content/Controls/ControlRig_Square_solid.uexp" 388
"../../../Engine/Plugins/Animation/ControlRig/Content/Controls/ControlRig_Square_3mm.ubulk" 389
"../../../Engine/Plugins/Animation/ControlRig/Content/Controls/ControlRig_Square_3mm.uasset" 390
"../../../Engine/Plugins/Animation/ControlRig/Content/Controls/ControlRig_Square_3mm.uexp" 391
"../../../Engine/Plugins/Animation/ControlRig/Content/Controls/ControlRig_Square_1mm.ubulk" 392
"../../../Engine/Plugins/Animation/ControlRig/Content/Controls/ControlRig_Square_1mm.uasset" 393
"../../../Engine/Plugins/Animation/ControlRig/Content/Controls/ControlRig_Square_1mm.uexp" 394
"../../../Engine/Plugins/Animation/ControlRig/Content/Controls/ControlRig_Sphere_solid.ubulk" 395
"../../../Engine/Plugins/Animation/ControlRig/Content/Controls/ControlRig_Sphere_solid.uasset" 396
"../../../Engine/Plugins/Animation/ControlRig/Content/Controls/ControlRig_Sphere_solid.uexp" 397
"../../../Engine/Plugins/Animation/ControlRig/Content/Controls/ControlRig_Sphere_3mm.ubulk" 398
"../../../Engine/Plugins/Animation/ControlRig/Content/Controls/ControlRig_Sphere_3mm.uasset" 399
"../../../Engine/Plugins/Animation/ControlRig/Content/Controls/ControlRig_Sphere_3mm.uexp" 400
"../../../Engine/Plugins/Animation/ControlRig/Content/Controls/ControlRig_Sphere_1mm.ubulk" 401
"../../../Engine/Plugins/Animation/ControlRig/Content/Controls/ControlRig_Sphere_1mm.uasset" 402
"../../../Engine/Plugins/Animation/ControlRig/Content/Controls/ControlRig_Sphere_1mm.uexp" 403
"../../../Engine/Plugins/Animation/ControlRig/Content/Controls/ControlRig_RoundedTriangle_solid.ubulk" 404
"../../../Engine/Plugins/Animation/ControlRig/Content/Controls/ControlRig_RoundedTriangle_solid.uasset" 405
"../../../Engine/Plugins/Animation/ControlRig/Content/Controls/ControlRig_RoundedTriangle_solid.uexp" 406
"../../../Engine/Plugins/Animation/ControlRig/Content/Controls/ControlRig_RoundedTriangle_3mm.ubulk" 407
"../../../Engine/Plugins/Animation/ControlRig/Content/Controls/ControlRig_RoundedTriangle_3mm.uasset" 408
"../../../Engine/Plugins/Animation/ControlRig/Content/Controls/ControlRig_RoundedTriangle_3mm.uexp" 409
"../../../Engine/Plugins/Animation/ControlRig/Content/Controls/ControlRig_RoundedTriangle_1mm.ubulk" 410
"../../../Engine/Plugins/Animation/ControlRig/Content/Controls/ControlRig_RoundedTriangle_1mm.uasset" 411
"../../../Engine/Plugins/Animation/ControlRig/Content/Controls/ControlRig_RoundedTriangle_1mm.uexp" 412
"../../../Engine/Plugins/Animation/ControlRig/Content/Controls/ControlRig_RoundedSquare_solid.ubulk" 413
"../../../Engine/Plugins/Animation/ControlRig/Content/Controls/ControlRig_RoundedSquare_solid.uasset" 414
"../../../Engine/Plugins/Animation/ControlRig/Content/Controls/ControlRig_RoundedSquare_solid.uexp" 415
"../../../Engine/Plugins/Animation/ControlRig/Content/Controls/ControlRig_RoundedSquare_3mm.ubulk" 416
"../../../Engine/Plugins/Animation/ControlRig/Content/Controls/ControlRig_RoundedSquare_3mm.uasset" 417
"../../../Engine/Plugins/Animation/ControlRig/Content/Controls/ControlRig_RoundedSquare_3mm.uexp" 418
"../../../Engine/Plugins/Animation/ControlRig/Content/Controls/ControlRig_RoundedSquare_1mm.ubulk" 419
"../../../Engine/Plugins/Animation/ControlRig/Content/Controls/ControlRig_RoundedSquare_1mm.uasset" 420
"../../../Engine/Plugins/Animation/ControlRig/Content/Controls/ControlRig_RoundedSquare_1mm.uexp" 421
"../../../Engine/Plugins/Animation/ControlRig/Content/Controls/ControlRig_QuarterCircle_solid.ubulk" 422
"../../../Engine/Plugins/Animation/ControlRig/Content/Controls/ControlRig_QuarterCircle_solid.uasset" 423
"../../../Engine/Plugins/Animation/ControlRig/Content/Controls/ControlRig_QuarterCircle_solid.uexp" 424
"../../../Engine/Plugins/Animation/ControlRig/Content/Controls/ControlRig_QuarterCircle_3mm.ubulk" 425
"../../../Engine/Plugins/Animation/ControlRig/Content/Controls/ControlRig_QuarterCircle_3mm.uasset" 426
"../../../Engine/Plugins/Animation/ControlRig/Content/Controls/ControlRig_QuarterCircle_3mm.uexp" 427
"../../../Engine/Plugins/Animation/ControlRig/Content/Controls/ControlRig_QuarterCircle_1mm.ubulk" 428
"../../../Engine/Plugins/Animation/ControlRig/Content/Controls/ControlRig_QuarterCircle_1mm.uasset" 429
"../../../Engine/Plugins/Animation/ControlRig/Content/Controls/ControlRig_QuarterCircle_1mm.uexp" 430
"../../../Engine/Plugins/Animation/ControlRig/Content/Controls/ControlRig_Pyramid_solid.ubulk" 431
"../../../Engine/Plugins/Animation/ControlRig/Content/Controls/ControlRig_Pyramid_solid.uasset" 432
"../../../Engine/Plugins/Animation/ControlRig/Content/Controls/ControlRig_Pyramid_solid.uexp" 433
"../../../Engine/Plugins/Animation/ControlRig/Content/Controls/ControlRig_Pyramid_3mm.ubulk" 434
"../../../Engine/Plugins/Animation/ControlRig/Content/Controls/ControlRig_Pyramid_3mm.uasset" 435
"../../../Engine/Plugins/Animation/ControlRig/Content/Controls/ControlRig_Pyramid_3mm.uexp" 436
"../../../Engine/Plugins/Animation/ControlRig/Content/Controls/ControlRig_Pyramid_1mm.ubulk" 437
"../../../Engine/Plugins/Animation/ControlRig/Content/Controls/ControlRig_Pyramid_1mm.uasset" 438
"../../../Engine/Plugins/Animation/ControlRig/Content/Controls/ControlRig_Pyramid_1mm.uexp" 439
"../../../Engine/Plugins/Animation/ControlRig/Content/Controls/ControlRig_Octagon_solid.ubulk" 440
"../../../Engine/Plugins/Animation/ControlRig/Content/Controls/ControlRig_Octagon_solid.uasset" 441
"../../../Engine/Plugins/Animation/ControlRig/Content/Controls/ControlRig_Octagon_solid.uexp" 442
"../../../Engine/Plugins/Animation/ControlRig/Content/Controls/ControlRig_Octagon_3mm.ubulk" 443
"../../../Engine/Plugins/Animation/ControlRig/Content/Controls/ControlRig_Octagon_3mm.uasset" 444
"../../../Engine/Plugins/Animation/ControlRig/Content/Controls/ControlRig_Octagon_3mm.uexp" 445
"../../../Engine/Plugins/Animation/ControlRig/Content/Controls/ControlRig_Octagon_1mm.ubulk" 446
"../../../Engine/Plugins/Animation/ControlRig/Content/Controls/ControlRig_Octagon_1mm.uasset" 447
"../../../Engine/Plugins/Animation/ControlRig/Content/Controls/ControlRig_Octagon_1mm.uexp" 448
"../../../Engine/Plugins/Animation/ControlRig/Content/Controls/ControlRig_Hexagon_solid.ubulk" 449
"../../../Engine/Plugins/Animation/ControlRig/Content/Controls/ControlRig_Hexagon_solid.uasset" 450
"../../../Engine/Plugins/Animation/ControlRig/Content/Controls/ControlRig_Hexagon_solid.uexp" 451
"../../../Engine/Plugins/Animation/ControlRig/Content/Controls/ControlRig_Hexagon_3mm.ubulk" 452
"../../../Engine/Plugins/Animation/ControlRig/Content/Controls/ControlRig_Hexagon_3mm.uasset" 453
"../../../Engine/Plugins/Animation/ControlRig/Content/Controls/ControlRig_Hexagon_3mm.uexp" 454
"../../../Engine/Plugins/Animation/ControlRig/Content/Controls/ControlRig_Hexagon_1mm.ubulk" 455
"../../../Engine/Plugins/Animation/ControlRig/Content/Controls/ControlRig_Hexagon_1mm.uasset" 456
"../../../Engine/Plugins/Animation/ControlRig/Content/Controls/ControlRig_Hexagon_1mm.uexp" 457
"../../../Engine/Plugins/Animation/ControlRig/Content/Controls/ControlRig_HalfCircle_solid.ubulk" 458
"../../../Engine/Plugins/Animation/ControlRig/Content/Controls/ControlRig_HalfCircle_solid.uasset" 459
"../../../Engine/Plugins/Animation/ControlRig/Content/Controls/ControlRig_HalfCircle_solid.uexp" 460
"../../../Engine/Plugins/Animation/ControlRig/Content/Controls/ControlRig_HalfCircle_3mm.ubulk" 461
"../../../Engine/Plugins/Animation/ControlRig/Content/Controls/ControlRig_HalfCircle_3mm.uasset" 462
"../../../Engine/Plugins/Animation/ControlRig/Content/Controls/ControlRig_HalfCircle_3mm.uexp" 463
"../../../Engine/Plugins/Animation/ControlRig/Content/Controls/ControlRig_HalfCircle_1mm.ubulk" 464
"../../../Engine/Plugins/Animation/ControlRig/Content/Controls/ControlRig_HalfCircle_1mm.uasset" 465
"../../../Engine/Plugins/Animation/ControlRig/Content/Controls/ControlRig_HalfCircle_1mm.uexp" 466
"../../../Engine/Plugins/Animation/ControlRig/Content/Controls/ControlRig_Diamond_solid.ubulk" 467
"../../../Engine/Plugins/Animation/ControlRig/Content/Controls/ControlRig_Diamond_solid.uasset" 468
"../../../Engine/Plugins/Animation/ControlRig/Content/Controls/ControlRig_Diamond_solid.uexp" 469
"../../../Engine/Plugins/Animation/ControlRig/Content/Controls/ControlRig_Diamond_3mm.ubulk" 470
"../../../Engine/Plugins/Animation/ControlRig/Content/Controls/ControlRig_Diamond_3mm.uasset" 471
"../../../Engine/Plugins/Animation/ControlRig/Content/Controls/ControlRig_Diamond_3mm.uexp" 472
"../../../Engine/Plugins/Animation/ControlRig/Content/Controls/ControlRig_Diamond_1mm.ubulk" 473
"../../../Engine/Plugins/Animation/ControlRig/Content/Controls/ControlRig_Diamond_1mm.uasset" 474
"../../../Engine/Plugins/Animation/ControlRig/Content/Controls/ControlRig_Diamond_1mm.uexp" 475
"../../../Engine/Plugins/Animation/ControlRig/Content/Controls/ControlRig_Circle_solid.ubulk" 476
"../../../Engine/Plugins/Animation/ControlRig/Content/Controls/ControlRig_Circle_solid.uasset" 477
"../../../Engine/Plugins/Animation/ControlRig/Content/Controls/ControlRig_Circle_solid.uexp" 478
"../../../Engine/Plugins/Animation/ControlRig/Content/Controls/ControlRig_Circle_3mm.ubulk" 479
"../../../Engine/Plugins/Animation/ControlRig/Content/Controls/ControlRig_Circle_3mm.uasset" 480
"../../../Engine/Plugins/Animation/ControlRig/Content/Controls/ControlRig_Circle_3mm.uexp" 481
"../../../Engine/Plugins/Animation/ControlRig/Content/Controls/ControlRig_Circle_1mm.ubulk" 482
"../../../Engine/Plugins/Animation/ControlRig/Content/Controls/ControlRig_Circle_1mm.uasset" 483
"../../../Engine/Plugins/Animation/ControlRig/Content/Controls/ControlRig_Circle_1mm.uexp" 484
"../../../Engine/Plugins/Animation/ControlRig/Content/Controls/ControlRig_Box_solid.ubulk" 485
"../../../Engine/Plugins/Animation/ControlRig/Content/Controls/ControlRig_Box_solid.uasset" 486
"../../../Engine/Plugins/Animation/ControlRig/Content/Controls/ControlRig_Box_solid.uexp" 487
"../../../Engine/Plugins/Animation/ControlRig/Content/Controls/ControlRig_Box_3mm.ubulk" 488
"../../../Engine/Plugins/Animation/ControlRig/Content/Controls/ControlRig_Box_3mm.uasset" 489
"../../../Engine/Plugins/Animation/ControlRig/Content/Controls/ControlRig_Box_3mm.uexp" 490
"../../../Engine/Plugins/Animation/ControlRig/Content/Controls/ControlRig_Box_1mm.ubulk" 491
"../../../Engine/Plugins/Animation/ControlRig/Content/Controls/ControlRig_Box_1mm.uasset" 492
"../../../Engine/Plugins/Animation/ControlRig/Content/Controls/ControlRig_Box_1mm.uexp" 493
"../../../Engine/Plugins/Animation/ControlRig/Content/Controls/ControlRig_Arrow_solid.ubulk" 494
"../../../Engine/Plugins/Animation/ControlRig/Content/Controls/ControlRig_Arrow_solid.uasset" 495
"../../../Engine/Plugins/Animation/ControlRig/Content/Controls/ControlRig_Arrow_solid.uexp" 496
"../../../Engine/Plugins/Animation/ControlRig/Content/Controls/ControlRig_Arrow_3mm.ubulk" 497
"../../../Engine/Plugins/Animation/ControlRig/Content/Controls/ControlRig_Arrow_3mm.uasset" 498
"../../../Engine/Plugins/Animation/ControlRig/Content/Controls/ControlRig_Arrow_3mm.uexp" 499
"../../../Engine/Plugins/Animation/ControlRig/Content/Controls/ControlRig_Arrow_1mm.ubulk" 500
"../../../Engine/Plugins/Animation/ControlRig/Content/Controls/ControlRig_Arrow_1mm.uasset" 501
"../../../Engine/Plugins/Animation/ControlRig/Content/Controls/ControlRig_Arrow_1mm.uexp" 502
"../../../Engine/Plugins/Animation/ControlRig/Content/Controls/ControlRig_Arrow4_solid.ubulk" 503
"../../../Engine/Plugins/Animation/ControlRig/Content/Controls/ControlRig_Arrow4_solid.uasset" 504
"../../../Engine/Plugins/Animation/ControlRig/Content/Controls/ControlRig_Arrow4_solid.uexp" 505
"../../../Engine/Plugins/Animation/ControlRig/Content/Controls/ControlRig_Arrow4_3mm.ubulk" 506
"../../../Engine/Plugins/Animation/ControlRig/Content/Controls/ControlRig_Arrow4_3mm.uasset" 507
"../../../Engine/Plugins/Animation/ControlRig/Content/Controls/ControlRig_Arrow4_3mm.uexp" 508
"../../../Engine/Plugins/Animation/ControlRig/Content/Controls/ControlRig_Arrow4_1mm.ubulk" 509
"../../../Engine/Plugins/Animation/ControlRig/Content/Controls/ControlRig_Arrow4_1mm.uasset" 510
"../../../Engine/Plugins/Animation/ControlRig/Content/Controls/ControlRig_Arrow4_1mm.uexp" 511
"../../../Engine/Plugins/Animation/ControlRig/Content/Controls/ControlRig_Arrow2_solid.ubulk" 512
"../../../Engine/Plugins/Animation/ControlRig/Content/Controls/ControlRig_Arrow2_solid.uasset" 513
"../../../Engine/Plugins/Animation/ControlRig/Content/Controls/ControlRig_Arrow2_solid.uexp" 514
"../../../Engine/Plugins/Animation/ControlRig/Content/Controls/ControlRig_Arrow2_3mm.ubulk" 515
"../../../Engine/Plugins/Animation/ControlRig/Content/Controls/ControlRig_Arrow2_3mm.uasset" 516
"../../../Engine/Plugins/Animation/ControlRig/Content/Controls/ControlRig_Arrow2_3mm.uexp" 517
"../../../Engine/Plugins/Animation/ControlRig/Content/Controls/ControlRig_Arrow2_1mm.ubulk" 518
"../../../Engine/Plugins/Animation/ControlRig/Content/Controls/ControlRig_Arrow2_1mm.uasset" 519
"../../../Engine/Plugins/Animation/ControlRig/Content/Controls/ControlRig_Arrow2_1mm.uexp" 520
"../../../Engine/Plugins/Animation/ControlRig/Content/Controls/ControlRigXRayMaterial.uasset" 521
"../../../Engine/Plugins/Animation/ControlRig/Content/Controls/ControlRigXRayMaterial.uexp" 522
"../../../Engine/Plugins/Animation/ControlRig/Content/Controls/ControlRigGizmoMaterial.uasset" 523
"../../../Engine/Plugins/Animation/ControlRig/Content/Controls/ControlRigGizmoMaterial.uexp" 524
"../../../Engine/Plugins/Editor/SpeedTreeImporter/Content/SpeedTree9/game_wind_noise.ubulk" 525
"../../../Engine/Plugins/Editor/SpeedTreeImporter/Content/SpeedTree9/game_wind_noise.uasset" 526
"../../../Engine/Plugins/Editor/SpeedTreeImporter/Content/SpeedTree9/game_wind_noise.uexp" 527
"../../../Engine/Plugins/Editor/SpeedTreeImporter/Content/SpeedTree9/UnpackDirection.uasset" 528
"../../../Engine/Plugins/Editor/SpeedTreeImporter/Content/SpeedTree9/UnpackDirection.uexp" 529
"../../../Engine/Content/Functions/Engine_MaterialFunctions02/ObjectLocalBounds.uasset" 530
"../../../Engine/Content/Functions/Engine_MaterialFunctions02/ObjectLocalBounds.uexp" 531
"../../../Engine/Content/Functions/Engine_MaterialFunctions02/UVs/BoundingBoxBased_0-1_UVW.uasset" 532
"../../../Engine/Content/Functions/Engine_MaterialFunctions02/UVs/BoundingBoxBased_0-1_UVW.uexp" 533
"../../../Engine/Content/Functions/Engine_MaterialFunctions02/Utility/VectorLength.uasset" 534
"../../../Engine/Content/Functions/Engine_MaterialFunctions02/Utility/VectorLength.uexp" 535
"../../../Engine/Plugins/Editor/SpeedTreeImporter/Content/SpeedTree9/UnpackInteger3.uasset" 536
"../../../Engine/Plugins/Editor/SpeedTreeImporter/Content/SpeedTree9/UnpackInteger3.uexp" 537
"../../../Engine/Plugins/Editor/SpeedTreeImporter/Content/SpeedTree9/SpeedTreeCameraFacing.uasset" 538
"../../../Engine/Plugins/Editor/SpeedTreeImporter/Content/SpeedTree9/SpeedTreeCameraFacing.uexp" 539
"../../../Engine/Content/Functions/Engine_MaterialFunctions02/WorldPositionOffset/ObjectScale.uasset" 540
"../../../Engine/Content/Functions/Engine_MaterialFunctions02/WorldPositionOffset/ObjectScale.uexp" 541
"../../../Engine/Content/Functions/Engine_MaterialFunctions02/SafeNormalize.uasset" 542
"../../../Engine/Content/Functions/Engine_MaterialFunctions02/SafeNormalize.uexp" 543
"../../../Engine/Plugins/Editor/SpeedTreeImporter/Content/SpeedTree9/SpeedTreeWindMotion.uasset" 544
"../../../Engine/Plugins/Editor/SpeedTreeImporter/Content/SpeedTree9/SpeedTreeWindMotion.uexp" 545
"../../../Engine/Plugins/Editor/SpeedTreeImporter/Content/SpeedTree9/SpeedTreeBranchMotion.uasset" 546
"../../../Engine/Plugins/Editor/SpeedTreeImporter/Content/SpeedTree9/SpeedTreeBranchMotion.uexp" 547
"../../../Engine/Plugins/Editor/SpeedTreeImporter/Content/SpeedTree9/SpeedTreeWind.uasset" 548
"../../../Engine/Plugins/Editor/SpeedTreeImporter/Content/SpeedTree9/SpeedTreeWind.uexp" 549
"../../../Engine/Plugins/Editor/SpeedTreeImporter/Content/SpeedTree9/EmptyNormal.uasset" 550
"../../../Engine/Plugins/Editor/SpeedTreeImporter/Content/SpeedTree9/EmptyNormal.uexp" 551
"../../../Engine/Plugins/Editor/SpeedTreeImporter/Content/SpeedTree9/Empty.uasset" 552
"../../../Engine/Plugins/Editor/SpeedTreeImporter/Content/SpeedTree9/Empty.uexp" 553
"../../../Engine/Plugins/Editor/SpeedTreeImporter/Content/SpeedTree9/SpeedTreeMaster.uasset" 554
"../../../Engine/Plugins/Editor/SpeedTreeImporter/Content/SpeedTree9/SpeedTreeMaster.uexp" 555
"../../../Engine/Plugins/Editor/SpeedTreeImporter/Content/SpeedTree9/SpeedTreeBillboard.uasset" 556
"../../../Engine/Plugins/Editor/SpeedTreeImporter/Content/SpeedTree9/SpeedTreeBillboard.uexp" 557
"../../../Engine/Plugins/Editor/SpeedTreeImporter/Content/SpeedTree9/SpeedTreeBillboardMaster.uasset" 558
"../../../Engine/Plugins/Editor/SpeedTreeImporter/Content/SpeedTree9/SpeedTreeBillboardMaster.uexp" 559
"../../../Engine/Plugins/Experimental/Landmass/Content/Landscape/BlueprintBrushes/MPC/MPC_Landscape.uasset" 560
"../../../Engine/Plugins/Experimental/Landmass/Content/Landscape/BlueprintBrushes/MPC/MPC_Landscape.uexp" 561
"../../../Engine/Plugins/Experimental/Water/Content/Curves/FloatCurve_WaterBodyIsland.uasset" 562
"../../../Engine/Plugins/Experimental/Water/Content/Curves/FloatCurve_WaterBodyIsland.uexp" 563
"../../../Engine/Plugins/Experimental/Water/Content/Curves/FloatCurve.uasset" 564
"../../../Engine/Plugins/Experimental/Water/Content/Curves/FloatCurve.uexp" 565
"../../../Engine/Plugins/Experimental/Water/Content/Icons/WaterSprite.uasset" 566
"../../../Engine/Plugins/Experimental/Water/Content/Icons/WaterSprite.uexp" 567
"../../../Engine/Plugins/Experimental/Water/Content/Icons/WaterLandscapeBrushSprite.ubulk" 568
"../../../Engine/Plugins/Experimental/Water/Content/Icons/WaterLandscapeBrushSprite.uasset" 569
"../../../Engine/Plugins/Experimental/Water/Content/Icons/WaterLandscapeBrushSprite.uexp" 570
"../../../Engine/Plugins/Experimental/Water/Content/Icons/WaterErrorSprite.ubulk" 571
"../../../Engine/Plugins/Experimental/Water/Content/Icons/WaterErrorSprite.uasset" 572
"../../../Engine/Plugins/Experimental/Water/Content/Icons/WaterErrorSprite.uexp" 573
"../../../Engine/Plugins/Experimental/Water/Content/Materials/MPC/MPC_Water.uasset" 574
"../../../Engine/Plugins/Experimental/Water/Content/Materials/MPC/MPC_Water.uexp" 575
"../../../Engine/Plugins/Experimental/Water/Content/Materials/WaterInfo/DrawWaterInfo.uasset" 576
"../../../Engine/Plugins/Experimental/Water/Content/Materials/WaterInfo/DrawWaterInfo.uexp" 577
"../../../Engine/Plugins/Experimental/Water/Content/Waves/GerstnerWaves_Ocean.uasset" 578
"../../../Engine/Plugins/Experimental/Water/Content/Waves/GerstnerWaves_Ocean.uexp" 579
"../../../Engine/Plugins/Experimental/Water/Content/Waves/GerstnerWaves_Lake.uasset" 580
"../../../Engine/Plugins/Experimental/Water/Content/Waves/GerstnerWaves_Lake.uexp" 581
"../../../Engine/Content/Functions/Engine_MaterialFunctions02/Texturing/CustomRotator.uasset" 582
"../../../Engine/Content/Functions/Engine_MaterialFunctions02/Texturing/CustomRotator.uexp" 583
"../../../Engine/Content/Functions/Engine_MaterialFunctions02/Texturing/ScreenAlignedPixelToPixelUVs.uasset" 584
"../../../Engine/Content/Functions/Engine_MaterialFunctions02/Texturing/ScreenAlignedPixelToPixelUVs.uexp" 585
"../../../Engine/Plugins/Interchange/Runtime/Content/Utilities/T_Bayer64_Grayscale_64px.uasset" 586
"../../../Engine/Plugins/Interchange/Runtime/Content/Utilities/T_Bayer64_Grayscale_64px.uexp" 587
"../../../Engine/Plugins/Interchange/Runtime/Content/gltf/MaterialFunctions/MF_Temporal_Blur.uasset" 588
"../../../Engine/Plugins/Interchange/Runtime/Content/gltf/MaterialFunctions/MF_Temporal_Blur.uexp" 589
"../../../Engine/Plugins/Interchange/Runtime/Content/gltf/MaterialFunctions/MF_Fresnel_DS.uasset" 590
"../../../Engine/Plugins/Interchange/Runtime/Content/gltf/MaterialFunctions/MF_Fresnel_DS.uexp" 591
"../../../Engine/Plugins/Interchange/Runtime/Content/Functions/MX_Transmission.uasset" 592
"../../../Engine/Plugins/Interchange/Runtime/Content/Functions/MX_Transmission.uexp" 593
"../../../Engine/Plugins/Interchange/Runtime/Content/Functions/MF_OrenNayerView.uasset" 594
"../../../Engine/Plugins/Interchange/Runtime/Content/Functions/MF_OrenNayerView.uexp" 595
"../../../Engine/Plugins/Interchange/Runtime/Content/Functions/MF_SchlickApprox.uasset" 596
"../../../Engine/Plugins/Interchange/Runtime/Content/Functions/MF_SchlickApprox.uexp" 597
"../../../Engine/Plugins/Interchange/Runtime/Content/Utilities/New_LUT.uasset" 598
"../../../Engine/Plugins/Interchange/Runtime/Content/Utilities/New_LUT.uexp" 599
"../../../Engine/Content/Functions/Engine_MaterialFunctions03/Math/RemapValueRange.uasset" 600
"../../../Engine/Content/Functions/Engine_MaterialFunctions03/Math/RemapValueRange.uexp" 601
"../../../Engine/Plugins/Interchange/Runtime/Content/Functions/MF_Iridescence.uasset" 602
"../../../Engine/Plugins/Interchange/Runtime/Content/Functions/MF_Iridescence.uexp" 603
"../../../Engine/Plugins/Interchange/Runtime/Content/Functions/MX_StandardSurface.uasset" 604
"../../../Engine/Plugins/Interchange/Runtime/Content/Functions/MX_StandardSurface.uexp" 605
"../../../Engine/Plugins/Interchange/Runtime/Content/Functions/MX_TransmissionSurface.uasset" 606
"../../../Engine/Plugins/Interchange/Runtime/Content/Functions/MX_TransmissionSurface.uexp" 607
"../../../Engine/Content/Functions/Engine_MaterialFunctions02/Math/AddComponents.uasset" 608
"../../../Engine/Content/Functions/Engine_MaterialFunctions02/Math/AddComponents.uexp" 609
"../../../Engine/Content/Functions/Engine_MaterialFunctions02/WorldPositionOffset/V2/ObjectScale.uasset" 610
"../../../Engine/Content/Functions/Engine_MaterialFunctions02/WorldPositionOffset/V2/ObjectScale.uexp" 611
"../../../Engine/Plugins/Interchange/Runtime/Content/gltf/MaterialFunctions/MF_TransmissionOpacity.uasset" 612
"../../../Engine/Plugins/Interchange/Runtime/Content/gltf/MaterialFunctions/MF_TransmissionOpacity.uexp" 613
"../../../Engine/Plugins/Interchange/Runtime/Content/gltf/MaterialFunctions/MF_RotateV2.uasset" 614
"../../../Engine/Plugins/Interchange/Runtime/Content/gltf/MaterialFunctions/MF_RotateV2.uexp" 615
"../../../Engine/Plugins/Interchange/Runtime/Content/gltf/MaterialFunctions/MF_TransformUVs.uasset" 616
"../../../Engine/Plugins/Interchange/Runtime/Content/gltf/MaterialFunctions/MF_TransformUVs.uexp" 617
"../../../Engine/Plugins/Interchange/Runtime/Content/gltf/Textures/T_White_srgb.uasset" 618
"../../../Engine/Plugins/Interchange/Runtime/Content/gltf/Textures/T_White_srgb.uexp" 619
"../../../Engine/Plugins/Interchange/Runtime/Content/gltf/MaterialFunctions/MF_BaseColor.uasset" 620
"../../../Engine/Plugins/Interchange/Runtime/Content/gltf/MaterialFunctions/MF_BaseColor.uexp" 621
"../../../Engine/Plugins/Interchange/Runtime/Content/gltf/MaterialFunctions/MF_DiffuseSpecGloss.uasset" 622
"../../../Engine/Plugins/Interchange/Runtime/Content/gltf/MaterialFunctions/MF_DiffuseSpecGloss.uexp" 623
"../../../Engine/Plugins/Interchange/Runtime/Content/gltf/Textures/T_White_Linear.uasset" 624
"../../../Engine/Plugins/Interchange/Runtime/Content/gltf/Textures/T_White_Linear.uexp" 625
"../../../Engine/Plugins/Interchange/Runtime/Content/gltf/MaterialFunctions/MF_MetallicRoughness.uasset" 626
"../../../Engine/Plugins/Interchange/Runtime/Content/gltf/MaterialFunctions/MF_MetallicRoughness.uexp" 627
"../../../Engine/Plugins/Interchange/Runtime/Content/gltf/MaterialFunctions/MF_Transmission.uasset" 628
"../../../Engine/Plugins/Interchange/Runtime/Content/gltf/MaterialFunctions/MF_Transmission.uexp" 629
"../../../Engine/Plugins/Interchange/Runtime/Content/gltf/MaterialFunctions/MF_Occlusion.uasset" 630
"../../../Engine/Plugins/Interchange/Runtime/Content/gltf/MaterialFunctions/MF_Occlusion.uexp" 631
"../../../Engine/Plugins/Interchange/Runtime/Content/gltf/MaterialFunctions/MF_Specular.uasset" 632
"../../../Engine/Plugins/Interchange/Runtime/Content/gltf/MaterialFunctions/MF_Specular.uexp" 633
"../../../Engine/Plugins/Interchange/Runtime/Content/gltf/MaterialFunctions/MF_IOR.uasset" 634
"../../../Engine/Plugins/Interchange/Runtime/Content/gltf/MaterialFunctions/MF_IOR.uexp" 635
"../../../Engine/Content/Functions/Engine_MaterialFunctions01/Texturing/FlattenNormal.uasset" 636
"../../../Engine/Content/Functions/Engine_MaterialFunctions01/Texturing/FlattenNormal.uexp" 637
"../../../Engine/Content/Functions/Engine_MaterialFunctions02/Math/Transform3x3Matrix.uasset" 638
"../../../Engine/Content/Functions/Engine_MaterialFunctions02/Math/Transform3x3Matrix.uexp" 639
"../../../Engine/Plugins/Interchange/Runtime/Content/gltf/MaterialFunctions/MF_RotateNormals_TS.uasset" 640
"../../../Engine/Plugins/Interchange/Runtime/Content/gltf/MaterialFunctions/MF_RotateNormals_TS.uexp" 641
"../../../Engine/Plugins/Interchange/Runtime/Content/gltf/Textures/T_Generic_N.uasset" 642
"../../../Engine/Plugins/Interchange/Runtime/Content/gltf/Textures/T_Generic_N.uexp" 643
"../../../Engine/Plugins/Interchange/Runtime/Content/gltf/MaterialFunctions/MF_Normals.uasset" 644
"../../../Engine/Plugins/Interchange/Runtime/Content/gltf/MaterialFunctions/MF_Normals.uexp" 645
"../../../Engine/Plugins/Interchange/Runtime/Content/gltf/MaterialFunctions/MF_PerceivedBrightness.uasset" 646
"../../../Engine/Plugins/Interchange/Runtime/Content/gltf/MaterialFunctions/MF_PerceivedBrightness.uexp" 647
"../../../Engine/Plugins/Interchange/Runtime/Content/gltf/MaterialFunctions/MF_SpecGlossToMetalRoughness.uasset" 648
"../../../Engine/Plugins/Interchange/Runtime/Content/gltf/MaterialFunctions/MF_SpecGlossToMetalRoughness.uexp" 649
"../../../Engine/Plugins/Interchange/Runtime/Content/gltf/M_Transmission.uasset" 650
"../../../Engine/Plugins/Interchange/Runtime/Content/gltf/M_Transmission.uexp" 651
"../../../Engine/Plugins/Interchange/Runtime/Content/gltf/MaterialInstances_MR/MI_Transmission_TS.uasset" 652
"../../../Engine/Plugins/Interchange/Runtime/Content/gltf/MaterialInstances_MR/MI_Transmission_TS.uexp" 653
"../../../Engine/Plugins/Interchange/Runtime/Content/gltf/MaterialInstances_MR/MI_Transmission.uasset" 654
"../../../Engine/Plugins/Interchange/Runtime/Content/gltf/MaterialInstances_MR/MI_Transmission.uexp" 655
"../../../Engine/Plugins/Interchange/Runtime/Content/gltf/MaterialFunctions/MF_Clearcoat.uasset" 656
"../../../Engine/Plugins/Interchange/Runtime/Content/gltf/MaterialFunctions/MF_Clearcoat.uexp" 657
"../../../Engine/Plugins/Interchange/Runtime/Content/gltf/MaterialFunctions/MF_Emissive.uasset" 658
"../../../Engine/Plugins/Interchange/Runtime/Content/gltf/MaterialFunctions/MF_Emissive.uexp" 659
"../../../Engine/Plugins/Interchange/Runtime/Content/gltf/M_Translucent.uasset" 660
"../../../Engine/Plugins/Interchange/Runtime/Content/gltf/M_Translucent.uexp" 661
"../../../Engine/Plugins/Interchange/Runtime/Content/gltf/MaterialInstances_MR/MI_Translucent_TS.uasset" 662
"../../../Engine/Plugins/Interchange/Runtime/Content/gltf/MaterialInstances_MR/MI_Translucent_TS.uexp" 663
"../../../Engine/Plugins/Interchange/Runtime/Content/gltf/MaterialInstances_MR/MI_Translucent_ClearCoat_TS.uasset" 664
"../../../Engine/Plugins/Interchange/Runtime/Content/gltf/MaterialInstances_MR/MI_Translucent_ClearCoat_TS.uexp" 665
"../../../Engine/Plugins/Interchange/Runtime/Content/gltf/MaterialInstances_MR/MI_Translucent_ClearCoat.uasset" 666
"../../../Engine/Plugins/Interchange/Runtime/Content/gltf/MaterialInstances_MR/MI_Translucent_ClearCoat.uexp" 667
"../../../Engine/Plugins/Interchange/Runtime/Content/gltf/MaterialInstances_MR/MI_Translucent.uasset" 668
"../../../Engine/Plugins/Interchange/Runtime/Content/gltf/MaterialInstances_MR/MI_Translucent.uexp" 669
"../../../Engine/Plugins/Interchange/Runtime/Content/gltf/M_Unlit.uasset" 670
"../../../Engine/Plugins/Interchange/Runtime/Content/gltf/M_Unlit.uexp" 671
"../../../Engine/Plugins/Interchange/Runtime/Content/gltf/MaterialInstances_MR/MI_Opaque_Unlit_TS.uasset" 672
"../../../Engine/Plugins/Interchange/Runtime/Content/gltf/MaterialInstances_MR/MI_Opaque_Unlit_TS.uexp" 673
"../../../Engine/Plugins/Interchange/Runtime/Content/gltf/MaterialInstances_MR/MI_Opaque_Unlit.uasset" 674
"../../../Engine/Plugins/Interchange/Runtime/Content/gltf/MaterialInstances_MR/MI_Opaque_Unlit.uexp" 675
"../../../Engine/Plugins/Interchange/Runtime/Content/gltf/M_Opaque.uasset" 676
"../../../Engine/Plugins/Interchange/Runtime/Content/gltf/M_Opaque.uexp" 677
"../../../Engine/Plugins/Interchange/Runtime/Content/gltf/MaterialInstances_MR/MI_Opaque_TS.uasset" 678
"../../../Engine/Plugins/Interchange/Runtime/Content/gltf/MaterialInstances_MR/MI_Opaque_TS.uexp" 679
"../../../Engine/Plugins/Interchange/Runtime/Content/gltf/MaterialFunctions/MF_Sheen.uasset" 680
"../../../Engine/Plugins/Interchange/Runtime/Content/gltf/MaterialFunctions/MF_Sheen.uexp" 681
"../../../Engine/Content/Functions/Engine_MaterialFunctions01/Shading/FuzzyShading.uasset" 682
"../../../Engine/Content/Functions/Engine_MaterialFunctions01/Shading/FuzzyShading.uexp" 683
"../../../Engine/Plugins/Interchange/Runtime/Content/gltf/M_Sheen.uasset" 684
"../../../Engine/Plugins/Interchange/Runtime/Content/gltf/M_Sheen.uexp" 685
"../../../Engine/Plugins/Interchange/Runtime/Content/gltf/MaterialInstances_MR/MI_Opaque_Sheen_TS.uasset" 686
"../../../Engine/Plugins/Interchange/Runtime/Content/gltf/MaterialInstances_MR/MI_Opaque_Sheen_TS.uexp" 687
"../../../Engine/Plugins/Interchange/Runtime/Content/gltf/MaterialInstances_MR/MI_Opaque_Sheen.uasset" 688
"../../../Engine/Plugins/Interchange/Runtime/Content/gltf/MaterialInstances_MR/MI_Opaque_Sheen.uexp" 689
"../../../Engine/Plugins/Interchange/Runtime/Content/gltf/MaterialInstances_MR/MI_Opaque_ClearCoat_TS.uasset" 690
"../../../Engine/Plugins/Interchange/Runtime/Content/gltf/MaterialInstances_MR/MI_Opaque_ClearCoat_TS.uexp" 691
"../../../Engine/Plugins/Interchange/Runtime/Content/gltf/MaterialInstances_MR/MI_Opaque_ClearCoat.uasset" 692
"../../../Engine/Plugins/Interchange/Runtime/Content/gltf/MaterialInstances_MR/MI_Opaque_ClearCoat.uexp" 693
"../../../Engine/Plugins/Interchange/Runtime/Content/gltf/MaterialInstances_MR/MI_Opaque.uasset" 694
"../../../Engine/Plugins/Interchange/Runtime/Content/gltf/MaterialInstances_MR/MI_Opaque.uexp" 695
"../../../Engine/Plugins/Interchange/Runtime/Content/gltf/MaterialInstances_SG/MI_Transmission_TS.uasset" 696
"../../../Engine/Plugins/Interchange/Runtime/Content/gltf/MaterialInstances_SG/MI_Transmission_TS.uexp" 697
"../../../Engine/Plugins/Interchange/Runtime/Content/gltf/MaterialInstances_SG/MI_Transmission.uasset" 698
"../../../Engine/Plugins/Interchange/Runtime/Content/gltf/MaterialInstances_SG/MI_Transmission.uexp" 699
"../../../Engine/Plugins/Interchange/Runtime/Content/gltf/MaterialInstances_SG/MI_Translucent_TS.uasset" 700
"../../../Engine/Plugins/Interchange/Runtime/Content/gltf/MaterialInstances_SG/MI_Translucent_TS.uexp" 701
"../../../Engine/Plugins/Interchange/Runtime/Content/gltf/MaterialInstances_SG/MI_Translucent_ClearCoat_TS.uasset" 702
"../../../Engine/Plugins/Interchange/Runtime/Content/gltf/MaterialInstances_SG/MI_Translucent_ClearCoat_TS.uexp" 703
"../../../Engine/Plugins/Interchange/Runtime/Content/gltf/MaterialInstances_SG/MI_Translucent_ClearCoat.uasset" 704
"../../../Engine/Plugins/Interchange/Runtime/Content/gltf/MaterialInstances_SG/MI_Translucent_ClearCoat.uexp" 705
"../../../Engine/Plugins/Interchange/Runtime/Content/gltf/MaterialInstances_SG/MI_Translucent.uasset" 706
"../../../Engine/Plugins/Interchange/Runtime/Content/gltf/MaterialInstances_SG/MI_Translucent.uexp" 707
"../../../Engine/Plugins/Interchange/Runtime/Content/gltf/MaterialInstances_SG/MI_Opaque_TS.uasset" 708
"../../../Engine/Plugins/Interchange/Runtime/Content/gltf/MaterialInstances_SG/MI_Opaque_TS.uexp" 709
"../../../Engine/Plugins/Interchange/Runtime/Content/gltf/MaterialInstances_SG/MI_Opaque_Sheen_TS.uasset" 710
"../../../Engine/Plugins/Interchange/Runtime/Content/gltf/MaterialInstances_SG/MI_Opaque_Sheen_TS.uexp" 711
"../../../Engine/Plugins/Interchange/Runtime/Content/gltf/MaterialInstances_SG/MI_Opaque_Sheen.uasset" 712
"../../../Engine/Plugins/Interchange/Runtime/Content/gltf/MaterialInstances_SG/MI_Opaque_Sheen.uexp" 713
"../../../Engine/Plugins/Interchange/Runtime/Content/gltf/MaterialInstances_SG/MI_Opaque_ClearCoat_TS.uasset" 714
"../../../Engine/Plugins/Interchange/Runtime/Content/gltf/MaterialInstances_SG/MI_Opaque_ClearCoat_TS.uexp" 715
"../../../Engine/Plugins/Interchange/Runtime/Content/gltf/MaterialInstances_SG/MI_Opaque_ClearCoat.uasset" 716
"../../../Engine/Plugins/Interchange/Runtime/Content/gltf/MaterialInstances_SG/MI_Opaque_ClearCoat.uexp" 717
"../../../Engine/Plugins/Interchange/Runtime/Content/gltf/MaterialInstances_SG/MI_Opaque.uasset" 718
"../../../Engine/Plugins/Interchange/Runtime/Content/gltf/MaterialInstances_SG/MI_Opaque.uexp" 719
"../../../Engine/Plugins/Interchange/Runtime/Content/gltf/Textures/T_Gray_Linear.uasset" 720
"../../../Engine/Plugins/Interchange/Runtime/Content/gltf/Textures/T_Gray_Linear.uexp" 721
"../../../Engine/Plugins/Interchange/Runtime/Content/gltf/Textures/T_Black_srgb.uasset" 722
"../../../Engine/Plugins/Interchange/Runtime/Content/gltf/Textures/T_Black_srgb.uexp" 723
"../../../Engine/Plugins/Interchange/Runtime/Content/Materials/UnlitMaterial.uasset" 724
"../../../Engine/Plugins/Interchange/Runtime/Content/Materials/UnlitMaterial.uexp" 725
"../../../Engine/Content/EngineMaterials/DefaultNormal.ubulk" 726
"../../../Engine/Content/EngineMaterials/DefaultNormal.uasset" 727
"../../../Engine/Content/EngineMaterials/DefaultNormal.uexp" 728
"../../../Engine/Plugins/Interchange/Runtime/Content/Materials/MapOrScalarFunction.uasset" 729
"../../../Engine/Plugins/Interchange/Runtime/Content/Materials/MapOrScalarFunction.uexp" 730
"../../../Engine/Plugins/Interchange/Runtime/Content/Materials/MapOrLinearColorFunction.uasset" 731
"../../../Engine/Plugins/Interchange/Runtime/Content/Materials/MapOrLinearColorFunction.uexp" 732
"../../../Engine/Plugins/Interchange/Runtime/Content/Materials/MapOrColorFunction.uasset" 733
"../../../Engine/Plugins/Interchange/Runtime/Content/Materials/MapOrColorFunction.uexp" 734
"../../../Engine/Plugins/Interchange/Runtime/Content/Materials/CommonMaterial.uasset" 735
"../../../Engine/Plugins/Interchange/Runtime/Content/Materials/CommonMaterial.uexp" 736
"../../../Engine/Plugins/Interchange/Runtime/Content/Materials/PBRSurfaceFunction.uasset" 737
"../../../Engine/Plugins/Interchange/Runtime/Content/Materials/PBRSurfaceFunction.uexp" 738
"../../../Engine/Plugins/Interchange/Runtime/Content/Materials/ThinTranslucentMaterial.uasset" 739
"../../../Engine/Plugins/Interchange/Runtime/Content/Materials/ThinTranslucentMaterial.uexp" 740
"../../../Engine/Plugins/Interchange/Runtime/Content/Materials/SubsurfaceMaterial.uasset" 741
"../../../Engine/Plugins/Interchange/Runtime/Content/Materials/SubsurfaceMaterial.uexp" 742
"../../../Engine/Plugins/Interchange/Runtime/Content/Materials/SheenMaterial.uasset" 743
"../../../Engine/Plugins/Interchange/Runtime/Content/Materials/SheenMaterial.uexp" 744
"../../../Engine/Content/Functions/Engine_MaterialFunctions01/Shading/ConvertFromDiffSpec.uasset" 745
"../../../Engine/Content/Functions/Engine_MaterialFunctions01/Shading/ConvertFromDiffSpec.uexp" 746
"../../../Engine/Plugins/Interchange/Runtime/Content/Materials/PhongSurfaceMaterial.uasset" 747
"../../../Engine/Plugins/Interchange/Runtime/Content/Materials/PhongSurfaceMaterial.uexp" 748
"../../../Engine/Plugins/Interchange/Runtime/Content/Materials/PBRSurfaceMaterial.uasset" 749
"../../../Engine/Plugins/Interchange/Runtime/Content/Materials/PBRSurfaceMaterial.uexp" 750
"../../../Engine/Content/EngineMaterials/FlatNormal.uasset" 751
"../../../Engine/Content/EngineMaterials/FlatNormal.uexp" 752
"../../../Engine/Content/EditorLandscapeResources/WhiteSquareTexture.uasset" 753
"../../../Engine/Content/EditorLandscapeResources/WhiteSquareTexture.uexp" 754
"../../../Engine/Plugins/Interchange/Runtime/Content/Materials/OrenNayerMaterial.uasset" 755
"../../../Engine/Plugins/Interchange/Runtime/Content/Materials/OrenNayerMaterial.uexp" 756
"../../../Engine/Plugins/Interchange/Runtime/Content/Materials/LambertSurfaceMaterial.uasset" 757
"../../../Engine/Plugins/Interchange/Runtime/Content/Materials/LambertSurfaceMaterial.uexp" 758
"../../../Engine/Plugins/Interchange/Runtime/Content/Materials/ClearCoatMaterial.uasset" 759
"../../../Engine/Plugins/Interchange/Runtime/Content/Materials/ClearCoatMaterial.uexp" 760
"../../../Engine/Plugins/Interchange/Runtime/Content/Pipelines/DefaultTexturePipeline.uasset" 761
"../../../Engine/Plugins/Interchange/Runtime/Content/Pipelines/DefaultTexturePipeline.uexp" 762
"../../../Engine/Plugins/Interchange/Runtime/Content/Pipelines/DefaultSceneLevelPipeline.uasset" 763
"../../../Engine/Plugins/Interchange/Runtime/Content/Pipelines/DefaultSceneLevelPipeline.uexp" 764
"../../../Engine/Plugins/Interchange/Runtime/Content/Pipelines/DefaultSceneAssetsPipeline.uasset" 765
"../../../Engine/Plugins/Interchange/Runtime/Content/Pipelines/DefaultSceneAssetsPipeline.uexp" 766
"../../../Engine/Plugins/Interchange/Runtime/Content/Pipelines/DefaultMaterialPipeline.uasset" 767
"../../../Engine/Plugins/Interchange/Runtime/Content/Pipelines/DefaultMaterialPipeline.uexp" 768
"../../../Engine/Plugins/Interchange/Runtime/Content/Pipelines/DefaultAssetsPipeline.uasset" 769
"../../../Engine/Plugins/Interchange/Runtime/Content/Pipelines/DefaultAssetsPipeline.uexp" 770
"../../../Engine/Plugins/Runtime/MeshModelingToolset/Content/Materials/M_DynamicMeshComponentVtxColor.uasset" 771
"../../../Engine/Plugins/Runtime/MeshModelingToolset/Content/Materials/M_DynamicMeshComponentVtxColor.uexp" 772
"../../../Engine/Content/Maps/Entry_BuiltData.uasset" 773
"../../../Engine/Content/Maps/Entry_BuiltData.uexp" 774
"../../../Engine/Content/Maps/Entry.uexp" 775
"../../../Engine/Content/Maps/Entry.umap" 776
"../../../Engine/Content/BasicShapes/Cube.ubulk" 777
"../../../Engine/Content/BasicShapes/Cube.uasset" 778
"../../../Engine/Content/BasicShapes/Cube.uexp" 779
"../../../Engine/Content/BasicShapes/Plane.ubulk" 780
"../../../Engine/Content/BasicShapes/Plane.uasset" 781
"../../../Engine/Content/BasicShapes/Plane.uexp" 782
"../../../Engine/Content/Functions/Engine_MaterialFunctions01/Gradient/LinearGradient.uasset" 783
"../../../Engine/Content/Functions/Engine_MaterialFunctions01/Gradient/LinearGradient.uexp" 784
"../../../Engine/Content/Functions/Engine_MaterialFunctions01/ImageAdjustment/CheapContrast.uasset" 785
"../../../Engine/Content/Functions/Engine_MaterialFunctions01/ImageAdjustment/CheapContrast.uexp" 786
"../../../Engine/Content/Functions/Engine_MaterialFunctions02/Texturing/HeightLerp.uasset" 787
"../../../Engine/Content/Functions/Engine_MaterialFunctions02/Texturing/HeightLerp.uexp" 788
"../../../Engine/Content/Functions/Engine_MaterialFunctions01/ImageAdjustment/3ColorBlend.uasset" 789
"../../../Engine/Content/Functions/Engine_MaterialFunctions01/ImageAdjustment/3ColorBlend.uexp" 790
"C:/Work/CityCraft/Content/StarterContent/Textures/T_Ground_Gravel_D.ubulk" 791
"C:/Work/CityCraft/Content/StarterContent/Textures/T_Ground_Gravel_D.uasset" 792
"C:/Work/CityCraft/Content/StarterContent/Textures/T_Ground_Gravel_D.uexp" 793
"C:/Work/CityCraft/Content/Texture/T_sand_BC.ubulk" 794
"C:/Work/CityCraft/Content/Texture/T_sand_BC.uasset" 795
"C:/Work/CityCraft/Content/Texture/T_sand_BC.uexp" 796
"C:/Work/CityCraft/Content/Texture/Snow/T_cliff_snow_R.ubulk" 797
"C:/Work/CityCraft/Content/Texture/Snow/T_cliff_snow_R.uasset" 798
"C:/Work/CityCraft/Content/Texture/Snow/T_cliff_snow_R.uexp" 799
"../../../Engine/Content/Functions/Engine_MaterialFunctions02/WorldPositionOffset/LocalPosition.uasset" 800
"../../../Engine/Content/Functions/Engine_MaterialFunctions02/WorldPositionOffset/LocalPosition.uexp" 801
"C:/Work/CityCraft/Content/Texture/Snow/T_snow_dirt_BC.ubulk" 802
"C:/Work/CityCraft/Content/Texture/Snow/T_snow_dirt_BC.uasset" 803
"C:/Work/CityCraft/Content/Texture/Snow/T_snow_dirt_BC.uexp" 804
"C:/Work/CityCraft/Content/Texture/Snow/T_cliff_snow_BC.ubulk" 805
"C:/Work/CityCraft/Content/Texture/Snow/T_cliff_snow_BC.uasset" 806
"C:/Work/CityCraft/Content/Texture/Snow/T_cliff_snow_BC.uexp" 807
"C:/Work/CityCraft/Content/Materials/MF_Snow_BC.uasset" 808
"C:/Work/CityCraft/Content/Materials/MF_Snow_BC.uexp" 809
"C:/Work/CityCraft/Content/Materials/MF_Sand_BC.uasset" 810
"C:/Work/CityCraft/Content/Materials/MF_Sand_BC.uexp" 811
"C:/Work/CityCraft/Content/Texture/T_lake7_A.ubulk" 812
"C:/Work/CityCraft/Content/Texture/T_lake7_A.uasset" 813
"C:/Work/CityCraft/Content/Texture/T_lake7_A.uexp" 814
"C:/Work/CityCraft/Content/Texture/T_sand_R.ubulk" 815
"C:/Work/CityCraft/Content/Texture/T_sand_R.uasset" 816
"C:/Work/CityCraft/Content/Texture/T_sand_R.uexp" 817
"C:/Work/CityCraft/Content/Materials/MF_Meadow_BC.uasset" 818
"C:/Work/CityCraft/Content/Materials/MF_Meadow_BC.uexp" 819
"C:/Work/CityCraft/Content/Materials/Lake/M_Lake7.uasset" 820
"C:/Work/CityCraft/Content/Materials/Lake/M_Lake7.uexp" 821
"C:/Work/CityCraft/Content/GeneralHexMesh/SM_Lake7.ubulk" 822
"C:/Work/CityCraft/Content/GeneralHexMesh/SM_Lake7.uasset" 823
"C:/Work/CityCraft/Content/GeneralHexMesh/SM_Lake7.uexp" 824
"C:/Work/CityCraft/Content/Mesh/Lake/M_Lake1.uasset" 825
"C:/Work/CityCraft/Content/Mesh/Lake/M_Lake1.uexp" 826
"C:/Work/CityCraft/Content/Mesh/Lake/Ground_2_SM_Lake5.ubulk" 827
"C:/Work/CityCraft/Content/Mesh/Lake/Ground_2_SM_Lake5.uasset" 828
"C:/Work/CityCraft/Content/Mesh/Lake/Ground_2_SM_Lake5.uexp" 829
"C:/Work/CityCraft/Content/StarterContent/Materials/M_Basic_Wall.uasset" 830
"C:/Work/CityCraft/Content/StarterContent/Materials/M_Basic_Wall.uexp" 831
"C:/Work/CityCraft/Content/StarterContent/Shapes/Shape_Plane.ubulk" 832
"C:/Work/CityCraft/Content/StarterContent/Shapes/Shape_Plane.uasset" 833
"C:/Work/CityCraft/Content/StarterContent/Shapes/Shape_Plane.uexp" 834
"C:/Work/CityCraft/Content/StarterContent/Textures/T_Smoke_Tiled_D.ubulk" 835
"C:/Work/CityCraft/Content/StarterContent/Textures/T_Smoke_Tiled_D.uasset" 836
"C:/Work/CityCraft/Content/StarterContent/Textures/T_Smoke_Tiled_D.uexp" 837
"C:/Work/CityCraft/Content/Texture/T_gradient_A.ubulk" 838
"C:/Work/CityCraft/Content/Texture/T_gradient_A.uasset" 839
"C:/Work/CityCraft/Content/Texture/T_gradient_A.uexp" 840
"C:/Work/CityCraft/Content/Materials/M_TestMAT.uasset" 841
"C:/Work/CityCraft/Content/Materials/M_TestMAT.uexp" 842
"C:/Work/CityCraft/Content/Texture/T_hex_A.ubulk" 843
"C:/Work/CityCraft/Content/Texture/T_hex_A.uasset" 844
"C:/Work/CityCraft/Content/Texture/T_hex_A.uexp" 845
"C:/Work/CityCraft/Content/Materials/M_OutlineHex.uasset" 846
"C:/Work/CityCraft/Content/Materials/M_OutlineHex.uexp" 847
"C:/Work/CityCraft/Content/Mesh/source/M_Meadow.uasset" 848
"C:/Work/CityCraft/Content/Mesh/source/M_Meadow.uexp" 849
"C:/Work/CityCraft/Content/GeneralHexMesh/SM_Meadow.ubulk" 850
"C:/Work/CityCraft/Content/GeneralHexMesh/SM_Meadow.uasset" 851
"C:/Work/CityCraft/Content/GeneralHexMesh/SM_Meadow.uexp" 852
"C:/Work/CityCraft/Content/Test/M_BaseBuild.uasset" 853
"C:/Work/CityCraft/Content/Test/M_BaseBuild.uexp" 854
"C:/Work/CityCraft/Content/Test/SM_BaseBuild1.ubulk" 855
"C:/Work/CityCraft/Content/Test/SM_BaseBuild1.uasset" 856
"C:/Work/CityCraft/Content/Test/SM_BaseBuild1.uexp" 857
"C:/Work/CityCraft/Content/Hexagon.ubulk" 858
"C:/Work/CityCraft/Content/Hexagon.uasset" 859
"C:/Work/CityCraft/Content/Hexagon.uexp" 860
"C:/Work/CityCraft/Content/Materials/M_BaseHexColor.uasset" 861
"C:/Work/CityCraft/Content/Materials/M_BaseHexColor.uexp" 862
"C:/Work/CityCraft/Content/Materials/MI_BaseColorHex.uasset" 863
"C:/Work/CityCraft/Content/Materials/MI_BaseColorHex.uexp" 864
"C:/Work/CityCraft/Content/BaseActors/BP_ItemHexagonActor.uasset" 865
"C:/Work/CityCraft/Content/BaseActors/BP_ItemHexagonActor.uexp" 866
"C:/Work/CityCraft/Content/Texture/T_lake4_A.ubulk" 867
"C:/Work/CityCraft/Content/Texture/T_lake4_A.uasset" 868
"C:/Work/CityCraft/Content/Texture/T_lake4_A.uexp" 869
"C:/Work/CityCraft/Content/Materials/Lake/M_Lake4.uasset" 870
"C:/Work/CityCraft/Content/Materials/Lake/M_Lake4.uexp" 871
"C:/Work/CityCraft/Content/GeneralHexMesh/SM_Lake4.ubulk" 872
"C:/Work/CityCraft/Content/GeneralHexMesh/SM_Lake4.uasset" 873
"C:/Work/CityCraft/Content/GeneralHexMesh/SM_Lake4.uexp" 874
"C:/Work/CityCraft/Content/Mesh/source/M_Lake.uasset" 875
"C:/Work/CityCraft/Content/Mesh/source/M_Lake.uexp" 876
"C:/Work/CityCraft/Content/GeneralHexMesh/SM_Lake1.ubulk" 877
"C:/Work/CityCraft/Content/GeneralHexMesh/SM_Lake1.uasset" 878
"C:/Work/CityCraft/Content/GeneralHexMesh/SM_Lake1.uexp" 879
"C:/Work/CityCraft/Content/StarterContent/Textures/T_Perlin_Noise_M.ubulk" 880
"C:/Work/CityCraft/Content/StarterContent/Textures/T_Perlin_Noise_M.uasset" 881
"C:/Work/CityCraft/Content/StarterContent/Textures/T_Perlin_Noise_M.uexp" 882
"C:/Work/CityCraft/Content/Mesh/Lake/Var2/M_Lake1.uasset" 883
"C:/Work/CityCraft/Content/Mesh/Lake/Var2/M_Lake1.uexp" 884
"C:/Work/CityCraft/Content/GeneralHexMesh/SM_Lake13.ubulk" 885
"C:/Work/CityCraft/Content/GeneralHexMesh/SM_Lake13.uasset" 886
"C:/Work/CityCraft/Content/GeneralHexMesh/SM_Lake13.uexp" 887
"C:/Work/CityCraft/Content/Texture/Snow/T_snow_1_N.ubulk" 888
"C:/Work/CityCraft/Content/Texture/Snow/T_snow_1_N.uasset" 889
"C:/Work/CityCraft/Content/Texture/Snow/T_snow_1_N.uexp" 890
"C:/Work/CityCraft/Content/Texture/Snow/T_cliff_snow_N.ubulk" 891
"C:/Work/CityCraft/Content/Texture/Snow/T_cliff_snow_N.uasset" 892
"C:/Work/CityCraft/Content/Texture/Snow/T_cliff_snow_N.uexp" 893
"C:/Work/CityCraft/Content/Texture/Snow/T_snow_dirt_N.ubulk" 894
"C:/Work/CityCraft/Content/Texture/Snow/T_snow_dirt_N.uasset" 895
"C:/Work/CityCraft/Content/Texture/Snow/T_snow_dirt_N.uexp" 896
"C:/Work/CityCraft/Content/Materials/M_SnowGeneral.uasset" 897
"C:/Work/CityCraft/Content/Materials/M_SnowGeneral.uexp" 898
"C:/Work/CityCraft/Content/GeneralHexMesh/Snow/SM_HillSnow1_2.ubulk" 899
"C:/Work/CityCraft/Content/GeneralHexMesh/Snow/SM_HillSnow1_2.uasset" 900
"C:/Work/CityCraft/Content/GeneralHexMesh/Snow/SM_HillSnow1_2.uexp" 901
"C:/Work/CityCraft/Content/Texture/T_lake14_A.ubulk" 902
"C:/Work/CityCraft/Content/Texture/T_lake14_A.uasset" 903
"C:/Work/CityCraft/Content/Texture/T_lake14_A.uexp" 904
"C:/Work/CityCraft/Content/Materials/Lake/M_Lake14.uasset" 905
"C:/Work/CityCraft/Content/Materials/Lake/M_Lake14.uexp" 906
"C:/Work/CityCraft/Content/GeneralHexMesh/SM_Lake14.ubulk" 907
"C:/Work/CityCraft/Content/GeneralHexMesh/SM_Lake14.uasset" 908
"C:/Work/CityCraft/Content/GeneralHexMesh/SM_Lake14.uexp" 909
"../../../Engine/Content/Functions/Engine_MaterialFunctions02/ExampleContent/Textures/OffsetNoiseDistanceFields_ForNormals.ubulk" 910
"../../../Engine/Content/Functions/Engine_MaterialFunctions02/ExampleContent/Textures/OffsetNoiseDistanceFields_ForNormals.uasset" 911
"../../../Engine/Content/Functions/Engine_MaterialFunctions02/ExampleContent/Textures/OffsetNoiseDistanceFields_ForNormals.uexp" 912
"C:/Work/CityCraft/Content/Mesh/source/M_Desert.uasset" 913
"C:/Work/CityCraft/Content/Mesh/source/M_Desert.uexp" 914
"C:/Work/CityCraft/Content/Mesh/Hill/SM_HillDesert2.ubulk" 915
"C:/Work/CityCraft/Content/Mesh/Hill/SM_HillDesert2.uasset" 916
"C:/Work/CityCraft/Content/Mesh/Hill/SM_HillDesert2.uexp" 917
"../../../Engine/Content/EngineSky/T_Sky_Stars.ubulk" 918
"../../../Engine/Content/EngineSky/T_Sky_Stars.uasset" 919
"../../../Engine/Content/EngineSky/T_Sky_Stars.uexp" 920
"../../../Engine/Content/EngineSky/T_Sky_Clouds_M.ubulk" 921
"../../../Engine/Content/EngineSky/T_Sky_Clouds_M.uasset" 922
"../../../Engine/Content/EngineSky/T_Sky_Clouds_M.uexp" 923
"../../../Engine/Content/EngineSky/T_Sky_Blue.ubulk" 924
"../../../Engine/Content/EngineSky/T_Sky_Blue.uasset" 925
"../../../Engine/Content/EngineSky/T_Sky_Blue.uexp" 926
"../../../Engine/Content/EngineSky/M_Sky_Panning_Clouds2.uasset" 927
"../../../Engine/Content/EngineSky/M_Sky_Panning_Clouds2.uexp" 928
"../../../Engine/Content/EngineSky/SM_SkySphere.ubulk" 929
"../../../Engine/Content/EngineSky/SM_SkySphere.uasset" 930
"../../../Engine/Content/EngineSky/SM_SkySphere.uexp" 931
"C:/Work/CityCraft/Content/Level/BaseLevel_BuiltData.ubulk" 932
"C:/Work/CityCraft/Content/Level/BaseLevel_BuiltData.uasset" 933
"C:/Work/CityCraft/Content/Level/BaseLevel_BuiltData.uexp" 934
"C:/Work/CityCraft/Content/GeneralHexMesh/Meadow/SM_HillMeadow5.ubulk" 935
"C:/Work/CityCraft/Content/GeneralHexMesh/Meadow/SM_HillMeadow5.uasset" 936
"C:/Work/CityCraft/Content/GeneralHexMesh/Meadow/SM_HillMeadow5.uexp" 937
"C:/Work/CityCraft/Content/Texture/T_Lake2_A.ubulk" 938
"C:/Work/CityCraft/Content/Texture/T_Lake2_A.uasset" 939
"C:/Work/CityCraft/Content/Texture/T_Lake2_A.uexp" 940
"C:/Work/CityCraft/Content/Materials/Lake/M_Lake2.uasset" 941
"C:/Work/CityCraft/Content/Materials/Lake/M_Lake2.uexp" 942
"C:/Work/CityCraft/Content/GeneralHexMesh/SM_Lake2.ubulk" 943
"C:/Work/CityCraft/Content/GeneralHexMesh/SM_Lake2.uasset" 944
"C:/Work/CityCraft/Content/GeneralHexMesh/SM_Lake2.uexp" 945
"C:/Work/CityCraft/Content/Texture/T_Lake3_A.ubulk" 946
"C:/Work/CityCraft/Content/Texture/T_Lake3_A.uasset" 947
"C:/Work/CityCraft/Content/Texture/T_Lake3_A.uexp" 948
"C:/Work/CityCraft/Content/Materials/Lake/M_Lake3.uasset" 949
"C:/Work/CityCraft/Content/Materials/Lake/M_Lake3.uexp" 950
"C:/Work/CityCraft/Content/GeneralHexMesh/SM_Lake3.ubulk" 951
"C:/Work/CityCraft/Content/GeneralHexMesh/SM_Lake3.uasset" 952
"C:/Work/CityCraft/Content/GeneralHexMesh/SM_Lake3.uexp" 953
"C:/Work/CityCraft/Content/GeneralHexMesh/Meadow/SM_HillMeadow4.ubulk" 954
"C:/Work/CityCraft/Content/GeneralHexMesh/Meadow/SM_HillMeadow4.uasset" 955
"C:/Work/CityCraft/Content/GeneralHexMesh/Meadow/SM_HillMeadow4.uexp" 956
"C:/Work/CityCraft/Content/StarterContent/Textures/T_Water_N.ubulk" 957
"C:/Work/CityCraft/Content/StarterContent/Textures/T_Water_N.uasset" 958
"C:/Work/CityCraft/Content/StarterContent/Textures/T_Water_N.uexp" 959
"C:/Work/CityCraft/Content/StarterContent/Textures/T_Water_M.ubulk" 960
"C:/Work/CityCraft/Content/StarterContent/Textures/T_Water_M.uasset" 961
"C:/Work/CityCraft/Content/StarterContent/Textures/T_Water_M.uexp" 962
"C:/Work/CityCraft/Content/Test/T_Crystal.ubulk" 963
"C:/Work/CityCraft/Content/Test/T_Crystal.uasset" 964
"C:/Work/CityCraft/Content/Test/T_Crystal.uexp" 965
"C:/Work/CityCraft/Content/StarterContent/Textures/T_Rock_Basalt_N.ubulk" 966
"C:/Work/CityCraft/Content/StarterContent/Textures/T_Rock_Basalt_N.uasset" 967
"C:/Work/CityCraft/Content/StarterContent/Textures/T_Rock_Basalt_N.uexp" 968
"C:/Work/CityCraft/Content/Test/T_mask1.ubulk" 969
"C:/Work/CityCraft/Content/Test/T_mask1.uasset" 970
"C:/Work/CityCraft/Content/Test/T_mask1.uexp" 971
"C:/Work/CityCraft/Content/Materials/M_Watter.uasset" 972
"C:/Work/CityCraft/Content/Materials/M_Watter.uexp" 973
"C:/Work/CityCraft/Content/Texture/T_Lake_10_A.ubulk" 974
"C:/Work/CityCraft/Content/Texture/T_Lake_10_A.uasset" 975
"C:/Work/CityCraft/Content/Texture/T_Lake_10_A.uexp" 976
"C:/Work/CityCraft/Content/Materials/Lake/M_Lake10.uasset" 977
"C:/Work/CityCraft/Content/Materials/Lake/M_Lake10.uexp" 978
"C:/Work/CityCraft/Content/GeneralHexMesh/SM_Lake10.ubulk" 979
"C:/Work/CityCraft/Content/GeneralHexMesh/SM_Lake10.uasset" 980
"C:/Work/CityCraft/Content/GeneralHexMesh/SM_Lake10.uexp" 981
"C:/Work/CityCraft/Content/GeneralHexMesh/Meadow/SM_HillMeadow7.ubulk" 982
"C:/Work/CityCraft/Content/GeneralHexMesh/Meadow/SM_HillMeadow7.uasset" 983
"C:/Work/CityCraft/Content/GeneralHexMesh/Meadow/SM_HillMeadow7.uexp" 984
"C:/Work/CityCraft/Content/Texture/T_lake9_A.ubulk" 985
"C:/Work/CityCraft/Content/Texture/T_lake9_A.uasset" 986
"C:/Work/CityCraft/Content/Texture/T_lake9_A.uexp" 987
"C:/Work/CityCraft/Content/Materials/Lake/M_Lake9.uasset" 988
"C:/Work/CityCraft/Content/Materials/Lake/M_Lake9.uexp" 989
"C:/Work/CityCraft/Content/GeneralHexMesh/SM_Lake9.ubulk" 990
"C:/Work/CityCraft/Content/GeneralHexMesh/SM_Lake9.uasset" 991
"C:/Work/CityCraft/Content/GeneralHexMesh/SM_Lake9.uexp" 992
"C:/Work/CityCraft/Content/Texture/T_lake6_A.ubulk" 993
"C:/Work/CityCraft/Content/Texture/T_lake6_A.uasset" 994
"C:/Work/CityCraft/Content/Texture/T_lake6_A.uexp" 995
"C:/Work/CityCraft/Content/Materials/Lake/M_Lake6.uasset" 996
"C:/Work/CityCraft/Content/Materials/Lake/M_Lake6.uexp" 997
"C:/Work/CityCraft/Content/GeneralHexMesh/SM_Lake6.ubulk" 998
"C:/Work/CityCraft/Content/GeneralHexMesh/SM_Lake6.uasset" 999
"C:/Work/CityCraft/Content/GeneralHexMesh/SM_Lake6.uexp" 1000
"C:/Work/CityCraft/Content/Texture/T_lake8_A.ubulk" 1001
"C:/Work/CityCraft/Content/Texture/T_lake8_A.uasset" 1002
"C:/Work/CityCraft/Content/Texture/T_lake8_A.uexp" 1003
"C:/Work/CityCraft/Content/Materials/Lake/M_Lake8.uasset" 1004
"C:/Work/CityCraft/Content/Materials/Lake/M_Lake8.uexp" 1005
"C:/Work/CityCraft/Content/GeneralHexMesh/SM_Lake8.ubulk" 1006
"C:/Work/CityCraft/Content/GeneralHexMesh/SM_Lake8.uasset" 1007
"C:/Work/CityCraft/Content/GeneralHexMesh/SM_Lake8.uexp" 1008
"C:/Work/CityCraft/Content/Texture/T_lake12_A.ubulk" 1009
"C:/Work/CityCraft/Content/Texture/T_lake12_A.uasset" 1010
"C:/Work/CityCraft/Content/Texture/T_lake12_A.uexp" 1011
"C:/Work/CityCraft/Content/Materials/Lake/M_Lake12.uasset" 1012
"C:/Work/CityCraft/Content/Materials/Lake/M_Lake12.uexp" 1013
"C:/Work/CityCraft/Content/GeneralHexMesh/SM_Lake12.ubulk" 1014
"C:/Work/CityCraft/Content/GeneralHexMesh/SM_Lake12.uasset" 1015
"C:/Work/CityCraft/Content/GeneralHexMesh/SM_Lake12.uexp" 1016
"C:/Work/CityCraft/Content/Texture/T_lake11_A.ubulk" 1017
"C:/Work/CityCraft/Content/Texture/T_lake11_A.uasset" 1018
"C:/Work/CityCraft/Content/Texture/T_lake11_A.uexp" 1019
"C:/Work/CityCraft/Content/Materials/Lake/M_Lake11.uasset" 1020
"C:/Work/CityCraft/Content/Materials/Lake/M_Lake11.uexp" 1021
"C:/Work/CityCraft/Content/GeneralHexMesh/SM_Lake11.ubulk" 1022
"C:/Work/CityCraft/Content/GeneralHexMesh/SM_Lake11.uasset" 1023
"C:/Work/CityCraft/Content/GeneralHexMesh/SM_Lake11.uexp" 1024
"C:/Work/CityCraft/Content/GeneralHexMesh/Meadow/SM_HillMeadow6.ubulk" 1025
"C:/Work/CityCraft/Content/GeneralHexMesh/Meadow/SM_HillMeadow6.uasset" 1026
"C:/Work/CityCraft/Content/GeneralHexMesh/Meadow/SM_HillMeadow6.uexp" 1027
"C:/Work/CityCraft/Content/Texture/PineTree_A.ubulk" 1028
"C:/Work/CityCraft/Content/Texture/PineTree_A.uasset" 1029
"C:/Work/CityCraft/Content/Texture/PineTree_A.uexp" 1030
"C:/Work/CityCraft/Content/Mesh/SecondSource/FBX_format/M_PineBase.uasset" 1031
"C:/Work/CityCraft/Content/Mesh/SecondSource/FBX_format/M_PineBase.uexp" 1032
"C:/Work/CityCraft/Content/GeneralHexMesh/Snow/SM_WoodHillShow12.ubulk" 1033
"C:/Work/CityCraft/Content/GeneralHexMesh/Snow/SM_WoodHillShow12.uasset" 1034
"C:/Work/CityCraft/Content/GeneralHexMesh/Snow/SM_WoodHillShow12.uexp" 1035
"C:/Work/CityCraft/Content/Texture/T_lake5_A.ubulk" 1036
"C:/Work/CityCraft/Content/Texture/T_lake5_A.uasset" 1037
"C:/Work/CityCraft/Content/Texture/T_lake5_A.uexp" 1038
"C:/Work/CityCraft/Content/Materials/Lake/M_Lake5.uasset" 1039
"C:/Work/CityCraft/Content/Materials/Lake/M_Lake5.uexp" 1040
"C:/Work/CityCraft/Content/GeneralHexMesh/SM_Lake5.ubulk" 1041
"C:/Work/CityCraft/Content/GeneralHexMesh/SM_Lake5.uasset" 1042
"C:/Work/CityCraft/Content/GeneralHexMesh/SM_Lake5.uexp" 1043
"C:/Work/CityCraft/Content/Materials/M_Back.uasset" 1044
"C:/Work/CityCraft/Content/Materials/M_Back.uexp" 1045
"C:/Work/CityCraft/Content/UI/Image/free-icon-gear-4422560.ubulk" 1046
"C:/Work/CityCraft/Content/UI/Image/free-icon-gear-4422560.uasset" 1047
"C:/Work/CityCraft/Content/UI/Image/free-icon-gear-4422560.uexp" 1048
"C:/Work/CityCraft/Content/UI/Image/free-icon-vegetables-4251971.ubulk" 1049
"C:/Work/CityCraft/Content/UI/Image/free-icon-vegetables-4251971.uasset" 1050
"C:/Work/CityCraft/Content/UI/Image/free-icon-vegetables-4251971.uexp" 1051
"C:/Work/CityCraft/Content/UI/Image/free-icon-gold-ingot-536979.ubulk" 1052
"C:/Work/CityCraft/Content/UI/Image/free-icon-gold-ingot-536979.uasset" 1053
"C:/Work/CityCraft/Content/UI/Image/free-icon-gold-ingot-536979.uexp" 1054
"C:/Work/CityCraft/Content/UI/Image/free-icon-gold-2822290.ubulk" 1055
"C:/Work/CityCraft/Content/UI/Image/free-icon-gold-2822290.uasset" 1056
"C:/Work/CityCraft/Content/UI/Image/free-icon-gold-2822290.uexp" 1057
"C:/Work/CityCraft/Content/UI/Image/free-icon-cogwheel-5987268.ubulk" 1058
"C:/Work/CityCraft/Content/UI/Image/free-icon-cogwheel-5987268.uasset" 1059
"C:/Work/CityCraft/Content/UI/Image/free-icon-cogwheel-5987268.uexp" 1060
"C:/Work/CityCraft/Content/UI/Image/free-icon-apple-590764.ubulk" 1061
"C:/Work/CityCraft/Content/UI/Image/free-icon-apple-590764.uasset" 1062
"C:/Work/CityCraft/Content/UI/Image/free-icon-apple-590764.uexp" 1063
"C:/Work/CityCraft/Content/UI/WBP_ProductionBar.uasset" 1064
"C:/Work/CityCraft/Content/UI/WBP_ProductionBar.uexp" 1065
"C:/Work/CityCraft/Content/Test/WBP_FPS.uasset" 1066
"C:/Work/CityCraft/Content/Test/WBP_FPS.uexp" 1067
"C:/Work/CityCraft/Content/BP_BasePlayerPawn.uasset" 1068
"C:/Work/CityCraft/Content/BP_BasePlayerPawn.uexp" 1069
"C:/Work/CityCraft/Content/BP_BasePlayerController.uasset" 1070
"C:/Work/CityCraft/Content/BP_BasePlayerController.uexp" 1071
"C:/Work/CityCraft/Content/GeneralHexMesh/Snow/SM_WoodSnow_tree.ubulk" 1072
"C:/Work/CityCraft/Content/GeneralHexMesh/Snow/SM_WoodSnow_tree.uasset" 1073
"C:/Work/CityCraft/Content/GeneralHexMesh/Snow/SM_WoodSnow_tree.uexp" 1074
"C:/Work/CityCraft/Content/Texture/T_Palm_AQ.ubulk" 1075
"C:/Work/CityCraft/Content/Texture/T_Palm_AQ.uasset" 1076
"C:/Work/CityCraft/Content/Texture/T_Palm_AQ.uexp" 1077
"C:/Work/CityCraft/Content/Texture/T_Palm_BC.ubulk" 1078
"C:/Work/CityCraft/Content/Texture/T_Palm_BC.uasset" 1079
"C:/Work/CityCraft/Content/Texture/T_Palm_BC.uexp" 1080
"C:/Work/CityCraft/Content/Materials/M_Palm.uasset" 1081
"C:/Work/CityCraft/Content/Materials/M_Palm.uexp" 1082
"C:/Work/CityCraft/Content/Texture/T_sand_N.ubulk" 1083
"C:/Work/CityCraft/Content/Texture/T_sand_N.uasset" 1084
"C:/Work/CityCraft/Content/Texture/T_sand_N.uexp" 1085
"C:/Work/CityCraft/Content/Materials/M_Sand.uasset" 1086
"C:/Work/CityCraft/Content/Materials/M_Sand.uexp" 1087
"C:/Work/CityCraft/Content/Texture/T_Rock_desert_11.ubulk" 1088
"C:/Work/CityCraft/Content/Texture/T_Rock_desert_11.uasset" 1089
"C:/Work/CityCraft/Content/Texture/T_Rock_desert_11.uexp" 1090
"C:/Work/CityCraft/Content/Texture/T_Rock_CliffDesert_BC.ubulk" 1091
"C:/Work/CityCraft/Content/Texture/T_Rock_CliffDesert_BC.uasset" 1092
"C:/Work/CityCraft/Content/Texture/T_Rock_CliffDesert_BC.uexp" 1093
"C:/Work/CityCraft/Content/Texture/T_Rock_CliffDesert_N.ubulk" 1094
"C:/Work/CityCraft/Content/Texture/T_Rock_CliffDesert_N.uasset" 1095
"C:/Work/CityCraft/Content/Texture/T_Rock_CliffDesert_N.uexp" 1096
"C:/Work/CityCraft/Content/Materials/M_Rock_11.uasset" 1097
"C:/Work/CityCraft/Content/Materials/M_Rock_11.uexp" 1098
"C:/Work/CityCraft/Content/GeneralHexMesh/Desert/SM_Desert_oasis1.ubulk" 1099
"C:/Work/CityCraft/Content/GeneralHexMesh/Desert/SM_Desert_oasis1.uasset" 1100
"C:/Work/CityCraft/Content/GeneralHexMesh/Desert/SM_Desert_oasis1.uexp" 1101
"C:/Work/CityCraft/Content/GeneralHexMesh/Desert/SM_HillDesert.ubulk" 1102
"C:/Work/CityCraft/Content/GeneralHexMesh/Desert/SM_HillDesert.uasset" 1103
"C:/Work/CityCraft/Content/GeneralHexMesh/Desert/SM_HillDesert.uexp" 1104
"C:/Work/CityCraft/Content/GeneralHexMesh/Snow/SM_WoodSnow_tree2.ubulk" 1105
"C:/Work/CityCraft/Content/GeneralHexMesh/Snow/SM_WoodSnow_tree2.uasset" 1106
"C:/Work/CityCraft/Content/GeneralHexMesh/Snow/SM_WoodSnow_tree2.uexp" 1107
"C:/Work/CityCraft/Content/GeneralHexMesh/Snow/SM_Snow1.ubulk" 1108
"C:/Work/CityCraft/Content/GeneralHexMesh/Snow/SM_Snow1.uasset" 1109
"C:/Work/CityCraft/Content/GeneralHexMesh/Snow/SM_Snow1.uexp" 1110
"C:/Work/CityCraft/Content/GeneralHexMesh/Meadow/SM_HillMeadow10.ubulk" 1111
"C:/Work/CityCraft/Content/GeneralHexMesh/Meadow/SM_HillMeadow10.uasset" 1112
"C:/Work/CityCraft/Content/GeneralHexMesh/Meadow/SM_HillMeadow10.uexp" 1113
"C:/Work/CityCraft/Content/Materials/M_MountainMeadow.uasset" 1114
"C:/Work/CityCraft/Content/Materials/M_MountainMeadow.uexp" 1115
"C:/Work/CityCraft/Content/GeneralHexMesh/Meadow/SM_HillMeadow9.ubulk" 1116
"C:/Work/CityCraft/Content/GeneralHexMesh/Meadow/SM_HillMeadow9.uasset" 1117
"C:/Work/CityCraft/Content/GeneralHexMesh/Meadow/SM_HillMeadow9.uexp" 1118
"C:/Work/CityCraft/Content/GeneralHexMesh/Desert/SM_Desert.ubulk" 1119
"C:/Work/CityCraft/Content/GeneralHexMesh/Desert/SM_Desert.uasset" 1120
"C:/Work/CityCraft/Content/GeneralHexMesh/Desert/SM_Desert.uexp" 1121
"C:/Work/CityCraft/Content/Texture/Cactus/T_cactus_1_BC.ubulk" 1122
"C:/Work/CityCraft/Content/Texture/Cactus/T_cactus_1_BC.uasset" 1123
"C:/Work/CityCraft/Content/Texture/Cactus/T_cactus_1_BC.uexp" 1124
"C:/Work/CityCraft/Content/Materials/M_Cactus_1.uasset" 1125
"C:/Work/CityCraft/Content/Materials/M_Cactus_1.uexp" 1126
"C:/Work/CityCraft/Content/Texture/Cactus/T_cactus_2_BC.ubulk" 1127
"C:/Work/CityCraft/Content/Texture/Cactus/T_cactus_2_BC.uasset" 1128
"C:/Work/CityCraft/Content/Texture/Cactus/T_cactus_2_BC.uexp" 1129
"C:/Work/CityCraft/Content/Materials/M_Cactus_2.uasset" 1130
"C:/Work/CityCraft/Content/Materials/M_Cactus_2.uexp" 1131
"C:/Work/CityCraft/Content/Texture/Cactus/T_cactus_3_BC.ubulk" 1132
"C:/Work/CityCraft/Content/Texture/Cactus/T_cactus_3_BC.uasset" 1133
"C:/Work/CityCraft/Content/Texture/Cactus/T_cactus_3_BC.uexp" 1134
"C:/Work/CityCraft/Content/Materials/M_Cactus_3.uasset" 1135
"C:/Work/CityCraft/Content/Materials/M_Cactus_3.uexp" 1136
"C:/Work/CityCraft/Content/GeneralHexMesh/Desert/SM_Desert_1.ubulk" 1137
"C:/Work/CityCraft/Content/GeneralHexMesh/Desert/SM_Desert_1.uasset" 1138
"C:/Work/CityCraft/Content/GeneralHexMesh/Desert/SM_Desert_1.uexp" 1139
"C:/Work/CityCraft/Content/GeneralHexMesh/Snow/SM_HillSnow1.ubulk" 1140
"C:/Work/CityCraft/Content/GeneralHexMesh/Snow/SM_HillSnow1.uasset" 1141
"C:/Work/CityCraft/Content/GeneralHexMesh/Snow/SM_HillSnow1.uexp" 1142
"C:/Work/CityCraft/Content/GeneralHexMesh/Snow/SM_HillSnow1_3.ubulk" 1143
"C:/Work/CityCraft/Content/GeneralHexMesh/Snow/SM_HillSnow1_3.uasset" 1144
"C:/Work/CityCraft/Content/GeneralHexMesh/Snow/SM_HillSnow1_3.uexp" 1145
"C:/Work/CityCraft/Content/GeneralHexMesh/Snow/SM_HillSnow1_4.ubulk" 1146
"C:/Work/CityCraft/Content/GeneralHexMesh/Snow/SM_HillSnow1_4.uasset" 1147
"C:/Work/CityCraft/Content/GeneralHexMesh/Snow/SM_HillSnow1_4.uexp" 1148
"C:/Work/CityCraft/Content/GeneralHexMesh/Snow/SM_HillSnow1_5.ubulk" 1149
"C:/Work/CityCraft/Content/GeneralHexMesh/Snow/SM_HillSnow1_5.uasset" 1150
"C:/Work/CityCraft/Content/GeneralHexMesh/Snow/SM_HillSnow1_5.uexp" 1151
"C:/Work/CityCraft/Content/GeneralHexMesh/Snow/SM_HillSnow1_6.ubulk" 1152
"C:/Work/CityCraft/Content/GeneralHexMesh/Snow/SM_HillSnow1_6.uasset" 1153
"C:/Work/CityCraft/Content/GeneralHexMesh/Snow/SM_HillSnow1_6.uexp" 1154
"C:/Work/CityCraft/Content/Texture/T_Tree.ubulk" 1155
"C:/Work/CityCraft/Content/Texture/T_Tree.uasset" 1156
"C:/Work/CityCraft/Content/Texture/T_Tree.uexp" 1157
"C:/Work/CityCraft/Content/Materials/M_Tree_1.uasset" 1158
"C:/Work/CityCraft/Content/Materials/M_Tree_1.uexp" 1159
"C:/Work/CityCraft/Content/GeneralHexMesh/Meadow/SM_MeadowWood_4.ubulk" 1160
"C:/Work/CityCraft/Content/GeneralHexMesh/Meadow/SM_MeadowWood_4.uasset" 1161
"C:/Work/CityCraft/Content/GeneralHexMesh/Meadow/SM_MeadowWood_4.uexp" 1162
"C:/Work/CityCraft/Content/GeneralHexMesh/Meadow/SM_HillMeadow12.ubulk" 1163
"C:/Work/CityCraft/Content/GeneralHexMesh/Meadow/SM_HillMeadow12.uasset" 1164
"C:/Work/CityCraft/Content/GeneralHexMesh/Meadow/SM_HillMeadow12.uexp" 1165
"C:/Work/CityCraft/Content/Materials/M_BaseBuild.uasset" 1166
"C:/Work/CityCraft/Content/Materials/M_BaseBuild.uexp" 1167
"C:/Work/CityCraft/Content/GeneralHexMesh/SM_BaseBuild.ubulk" 1168
"C:/Work/CityCraft/Content/GeneralHexMesh/SM_BaseBuild.uasset" 1169
"C:/Work/CityCraft/Content/GeneralHexMesh/SM_BaseBuild.uexp" 1170
"C:/Work/CityCraft/Content/BaseActors/BP_TownHexagonActor.uasset" 1171
"C:/Work/CityCraft/Content/BaseActors/BP_TownHexagonActor.uexp" 1172
"C:/Work/CityCraft/Content/GeneralHexMesh/Meadow/SM_HillMeadow11.ubulk" 1173
"C:/Work/CityCraft/Content/GeneralHexMesh/Meadow/SM_HillMeadow11.uasset" 1174
"C:/Work/CityCraft/Content/GeneralHexMesh/Meadow/SM_HillMeadow11.uexp" 1175
"C:/Work/CityCraft/Content/GeneralHexMesh/Desert/SM_WoodHillDesert_2.ubulk" 1176
"C:/Work/CityCraft/Content/GeneralHexMesh/Desert/SM_WoodHillDesert_2.uasset" 1177
"C:/Work/CityCraft/Content/GeneralHexMesh/Desert/SM_WoodHillDesert_2.uexp" 1178
"C:/Work/CityCraft/Content/GeneralHexMesh/Meadow/SM_MeadowWoodHill_1.ubulk" 1179
"C:/Work/CityCraft/Content/GeneralHexMesh/Meadow/SM_MeadowWoodHill_1.uasset" 1180
"C:/Work/CityCraft/Content/GeneralHexMesh/Meadow/SM_MeadowWoodHill_1.uexp" 1181
"C:/Work/CityCraft/Content/GeneralHexMesh/Meadow/SM_MeadowWood_1__1_.ubulk" 1182
"C:/Work/CityCraft/Content/GeneralHexMesh/Meadow/SM_MeadowWood_1__1_.uasset" 1183
"C:/Work/CityCraft/Content/GeneralHexMesh/Meadow/SM_MeadowWood_1__1_.uexp" 1184
"C:/Work/CityCraft/Content/Test/SM_MeadowWood_forest_2.ubulk" 1185
"C:/Work/CityCraft/Content/Test/SM_MeadowWood_forest_2.uasset" 1186
"C:/Work/CityCraft/Content/Test/SM_MeadowWood_forest_2.uexp" 1187
"C:/Work/CityCraft/Content/Test/SM_MeadowWood_forest_3.ubulk" 1188
"C:/Work/CityCraft/Content/Test/SM_MeadowWood_forest_3.uasset" 1189
"C:/Work/CityCraft/Content/Test/SM_MeadowWood_forest_3.uexp" 1190
"C:/Work/CityCraft/Content/Texture/T_lake15_A.ubulk" 1191
"C:/Work/CityCraft/Content/Texture/T_lake15_A.uasset" 1192
"C:/Work/CityCraft/Content/Texture/T_lake15_A.uexp" 1193
"C:/Work/CityCraft/Content/Materials/Lake/M_Lake15.uasset" 1194
"C:/Work/CityCraft/Content/Materials/Lake/M_Lake15.uexp" 1195
"C:/Work/CityCraft/Content/GeneralHexMesh/SM_Lake15.ubulk" 1196
"C:/Work/CityCraft/Content/GeneralHexMesh/SM_Lake15.uasset" 1197
"C:/Work/CityCraft/Content/GeneralHexMesh/SM_Lake15.uexp" 1198
"C:/Work/CityCraft/Content/BaseActors/BP_GeneratorMaps.uasset" 1199
"C:/Work/CityCraft/Content/BaseActors/BP_GeneratorMaps.uexp" 1200
"C:/Work/CityCraft/Content/BP_MainGameMode.uasset" 1201
"C:/Work/CityCraft/Content/BP_MainGameMode.uexp" 1202
"../../../Engine/Content/EngineSky/M_SimpleSkyDome.uasset" 1203
"../../../Engine/Content/EngineSky/M_SimpleSkyDome.uexp" 1204
"C:/Work/CityCraft/Content/GeneralHexMesh/Meadow/SM_HillMeadow3.ubulk" 1205
"C:/Work/CityCraft/Content/GeneralHexMesh/Meadow/SM_HillMeadow3.uasset" 1206
"C:/Work/CityCraft/Content/GeneralHexMesh/Meadow/SM_HillMeadow3.uexp" 1207
"C:/Work/CityCraft/Content/Level/BaseLevel.uexp" 1208
"C:/Work/CityCraft/Content/Level/BaseLevel.umap" 1209
